CRITICAL - 2023-01-17 02:19:37 --> Invalid file: layout/base.php
in SYSTEMPATH\Exceptions\FrameworkException.php on line 33.
 1 SYSTEMPATH\View\View.php(201): CodeIgniter\Exceptions\FrameworkException::forInvalidFile('layout/base.php')
 2 SYSTEMPATH\View\View.php(431): CodeIgniter\View\View->render('layout/base', null, true)
 3 APPPATH\Views\change_password.php(1): CodeIgniter\View\View->include('layout/base')
 4 SYSTEMPATH\View\View.php(213): include('APPPATH\\Views\\change_password.php')
 5 SYSTEMPATH\View\View.php(216): CodeIgniter\View\View->CodeIgniter\View\{closure}()
 6 SYSTEMPATH\Common.php(1135): CodeIgniter\View\View->render('change_password', [], true)
 7 APPPATH\Controllers\Dashboard.php(77): view('change_password', [...])
 8 SYSTEMPATH\CodeIgniter.php(925): App\Controllers\Dashboard->changePassword()
 9 SYSTEMPATH\CodeIgniter.php(480): CodeIgniter\CodeIgniter->runController(Object(App\Controllers\Dashboard))
10 SYSTEMPATH\CodeIgniter.php(349): CodeIgniter\CodeIgniter->handleRequest(null, Object(Config\Cache), false)
11 FCPATH\index.php(67): CodeIgniter\CodeIgniter->run()
CRITICAL - 2023-01-17 02:49:13 --> Undefined variable $validation
in APPPATH\Views\change_password.php on line 11.
 1 APPPATH\Views\change_password.php(11): CodeIgniter\Debug\Exceptions->errorHandler(2, 'Undefined variable $validation', 'APPPATH\\Views\\change_password.php', 11)
 2 SYSTEMPATH\View\View.php(213): include('APPPATH\\Views\\change_password.php')
 3 SYSTEMPATH\View\View.php(216): CodeIgniter\View\View->CodeIgniter\View\{closure}()
 4 SYSTEMPATH\Common.php(1135): CodeIgniter\View\View->render('change_password', [], true)
 5 APPPATH\Controllers\Dashboard.php(111): view('change_password', [...])
 6 SYSTEMPATH\CodeIgniter.php(925): App\Controllers\Dashboard->changePassword()
 7 SYSTEMPATH\CodeIgniter.php(480): CodeIgniter\CodeIgniter->runController(Object(App\Controllers\Dashboard))
 8 SYSTEMPATH\CodeIgniter.php(349): CodeIgniter\CodeIgniter->handleRequest(null, Object(Config\Cache), false)
 9 FCPATH\index.php(67): CodeIgniter\CodeIgniter->run()
CRITICAL - 2023-01-17 02:51:06 --> Undefined variable $validation
in APPPATH\Views\change_password.php on line 11.
 1 APPPATH\Views\change_password.php(11): CodeIgniter\Debug\Exceptions->errorHandler(2, 'Undefined variable $validation', 'APPPATH\\Views\\change_password.php', 11)
 2 SYSTEMPATH\View\View.php(213): include('APPPATH\\Views\\change_password.php')
 3 SYSTEMPATH\View\View.php(216): CodeIgniter\View\View->CodeIgniter\View\{closure}()
 4 SYSTEMPATH\Common.php(1135): CodeIgniter\View\View->render('change_password', [], true)
 5 APPPATH\Controllers\Dashboard.php(111): view('change_password', [...])
 6 SYSTEMPATH\CodeIgniter.php(925): App\Controllers\Dashboard->changePassword()
 7 SYSTEMPATH\CodeIgniter.php(480): CodeIgniter\CodeIgniter->runController(Object(App\Controllers\Dashboard))
 8 SYSTEMPATH\CodeIgniter.php(349): CodeIgniter\CodeIgniter->handleRequest(null, Object(Config\Cache), false)
 9 FCPATH\index.php(67): CodeIgniter\CodeIgniter->run()
CRITICAL - 2023-01-17 02:51:10 --> Undefined variable $validation
in APPPATH\Views\change_password.php on line 11.
 1 APPPATH\Views\change_password.php(11): CodeIgniter\Debug\Exceptions->errorHandler(2, 'Undefined variable $validation', 'APPPATH\\Views\\change_password.php', 11)
 2 SYSTEMPATH\View\View.php(213): include('APPPATH\\Views\\change_password.php')
 3 SYSTEMPATH\View\View.php(216): CodeIgniter\View\View->CodeIgniter\View\{closure}()
 4 SYSTEMPATH\Common.php(1135): CodeIgniter\View\View->render('change_password', [], true)
 5 APPPATH\Controllers\Dashboard.php(111): view('change_password', [...])
 6 SYSTEMPATH\CodeIgniter.php(925): App\Controllers\Dashboard->changePassword()
 7 SYSTEMPATH\CodeIgniter.php(480): CodeIgniter\CodeIgniter->runController(Object(App\Controllers\Dashboard))
 8 SYSTEMPATH\CodeIgniter.php(349): CodeIgniter\CodeIgniter->handleRequest(null, Object(Config\Cache), false)
 9 FCPATH\index.php(67): CodeIgniter\CodeIgniter->run()
CRITICAL - 2023-01-17 03:08:04 --> Undefined variable $validation
in APPPATH\Views\change_password.php on line 12.
 1 APPPATH\Views\change_password.php(12): CodeIgniter\Debug\Exceptions->errorHandler(2, 'Undefined variable $validation', 'APPPATH\\Views\\change_password.php', 12)
 2 SYSTEMPATH\View\View.php(213): include('APPPATH\\Views\\change_password.php')
 3 SYSTEMPATH\View\View.php(216): CodeIgniter\View\View->CodeIgniter\View\{closure}()
 4 SYSTEMPATH\Common.php(1135): CodeIgniter\View\View->render('change_password', [], true)
 5 APPPATH\Controllers\Dashboard.php(119): view('change_password', [...])
 6 SYSTEMPATH\CodeIgniter.php(925): App\Controllers\Dashboard->changePassword()
 7 SYSTEMPATH\CodeIgniter.php(480): CodeIgniter\CodeIgniter->runController(Object(App\Controllers\Dashboard))
 8 SYSTEMPATH\CodeIgniter.php(349): CodeIgniter\CodeIgniter->handleRequest(null, Object(Config\Cache), false)
 9 FCPATH\index.php(67): CodeIgniter\CodeIgniter->run()
CRITICAL - 2023-01-17 03:10:51 --> Undefined variable $validation
in APPPATH\Views\change_password.php on line 12.
 1 APPPATH\Views\change_password.php(12): CodeIgniter\Debug\Exceptions->errorHandler(2, 'Undefined variable $validation', 'APPPATH\\Views\\change_password.php', 12)
 2 SYSTEMPATH\View\View.php(213): include('APPPATH\\Views\\change_password.php')
 3 SYSTEMPATH\View\View.php(216): CodeIgniter\View\View->CodeIgniter\View\{closure}()
 4 SYSTEMPATH\Common.php(1135): CodeIgniter\View\View->render('change_password', [], true)
 5 APPPATH\Controllers\Dashboard.php(119): view('change_password', [...])
 6 SYSTEMPATH\CodeIgniter.php(925): App\Controllers\Dashboard->changePassword()
 7 SYSTEMPATH\CodeIgniter.php(480): CodeIgniter\CodeIgniter->runController(Object(App\Controllers\Dashboard))
 8 SYSTEMPATH\CodeIgniter.php(349): CodeIgniter\CodeIgniter->handleRequest(null, Object(Config\Cache), false)
 9 FCPATH\index.php(67): CodeIgniter\CodeIgniter->run()
CRITICAL - 2023-01-17 03:14:32 --> Undefined variable $validation
in APPPATH\Views\change_password.php on line 12.
 1 APPPATH\Views\change_password.php(12): CodeIgniter\Debug\Exceptions->errorHandler(2, 'Undefined variable $validation', 'APPPATH\\Views\\change_password.php', 12)
 2 SYSTEMPATH\View\View.php(213): include('APPPATH\\Views\\change_password.php')
 3 SYSTEMPATH\View\View.php(216): CodeIgniter\View\View->CodeIgniter\View\{closure}()
 4 SYSTEMPATH\Common.php(1135): CodeIgniter\View\View->render('change_password', [], true)
 5 APPPATH\Controllers\Dashboard.php(117): view('change_password', [...])
 6 SYSTEMPATH\CodeIgniter.php(925): App\Controllers\Dashboard->changePassword()
 7 SYSTEMPATH\CodeIgniter.php(480): CodeIgniter\CodeIgniter->runController(Object(App\Controllers\Dashboard))
 8 SYSTEMPATH\CodeIgniter.php(349): CodeIgniter\CodeIgniter->handleRequest(null, Object(Config\Cache), false)
 9 FCPATH\index.php(67): CodeIgniter\CodeIgniter->run()
CRITICAL - 2023-01-17 03:16:12 --> Undefined array key "validation"
in APPPATH\Controllers\Dashboard.php on line 78.
 1 APPPATH\Controllers\Dashboard.php(78): CodeIgniter\Debug\Exceptions->errorHandler(2, 'Undefined array key "validation"', 'APPPATH\\Controllers\\Dashboard.php', 78)
 2 SYSTEMPATH\CodeIgniter.php(925): App\Controllers\Dashboard->changePassword()
 3 SYSTEMPATH\CodeIgniter.php(480): CodeIgniter\CodeIgniter->runController(Object(App\Controllers\Dashboard))
 4 SYSTEMPATH\CodeIgniter.php(349): CodeIgniter\CodeIgniter->handleRequest(null, Object(Config\Cache), false)
 5 FCPATH\index.php(67): CodeIgniter\CodeIgniter->run()
CRITICAL - 2023-01-17 03:17:15 --> Undefined variable $validation
in APPPATH\Views\change_password.php on line 12.
 1 APPPATH\Views\change_password.php(12): CodeIgniter\Debug\Exceptions->errorHandler(2, 'Undefined variable $validation', 'APPPATH\\Views\\change_password.php', 12)
 2 SYSTEMPATH\View\View.php(213): include('APPPATH\\Views\\change_password.php')
 3 SYSTEMPATH\View\View.php(216): CodeIgniter\View\View->CodeIgniter\View\{closure}()
 4 SYSTEMPATH\Common.php(1135): CodeIgniter\View\View->render('change_password', [], true)
 5 APPPATH\Controllers\Dashboard.php(117): view('change_password', [...])
 6 SYSTEMPATH\CodeIgniter.php(925): App\Controllers\Dashboard->changePassword()
 7 SYSTEMPATH\CodeIgniter.php(480): CodeIgniter\CodeIgniter->runController(Object(App\Controllers\Dashboard))
 8 SYSTEMPATH\CodeIgniter.php(349): CodeIgniter\CodeIgniter->handleRequest(null, Object(Config\Cache), false)
 9 FCPATH\index.php(67): CodeIgniter\CodeIgniter->run()
CRITICAL - 2023-01-17 03:17:41 --> Undefined variable $validation
in APPPATH\Views\change_password.php on line 12.
 1 APPPATH\Views\change_password.php(12): CodeIgniter\Debug\Exceptions->errorHandler(2, 'Undefined variable $validation', 'APPPATH\\Views\\change_password.php', 12)
 2 SYSTEMPATH\View\View.php(213): include('APPPATH\\Views\\change_password.php')
 3 SYSTEMPATH\View\View.php(216): CodeIgniter\View\View->CodeIgniter\View\{closure}()
 4 SYSTEMPATH\Common.php(1135): CodeIgniter\View\View->render('change_password', [], true)
 5 APPPATH\Controllers\Dashboard.php(117): view('change_password', [...])
 6 SYSTEMPATH\CodeIgniter.php(925): App\Controllers\Dashboard->changePassword()
 7 SYSTEMPATH\CodeIgniter.php(480): CodeIgniter\CodeIgniter->runController(Object(App\Controllers\Dashboard))
 8 SYSTEMPATH\CodeIgniter.php(349): CodeIgniter\CodeIgniter->handleRequest(null, Object(Config\Cache), false)
 9 FCPATH\index.php(67): CodeIgniter\CodeIgniter->run()
CRITICAL - 2023-01-17 03:19:39 --> Undefined variable $validation
in APPPATH\Views\change_password.php on line 12.
 1 APPPATH\Views\change_password.php(12): CodeIgniter\Debug\Exceptions->errorHandler(2, 'Undefined variable $validation', 'APPPATH\\Views\\change_password.php', 12)
 2 SYSTEMPATH\View\View.php(213): include('APPPATH\\Views\\change_password.php')
 3 SYSTEMPATH\View\View.php(216): CodeIgniter\View\View->CodeIgniter\View\{closure}()
 4 SYSTEMPATH\Common.php(1135): CodeIgniter\View\View->render('change_password', [], true)
 5 APPPATH\Controllers\Dashboard.php(117): view('change_password', [...])
 6 SYSTEMPATH\CodeIgniter.php(925): App\Controllers\Dashboard->changePassword()
 7 SYSTEMPATH\CodeIgniter.php(480): CodeIgniter\CodeIgniter->runController(Object(App\Controllers\Dashboard))
 8 SYSTEMPATH\CodeIgniter.php(349): CodeIgniter\CodeIgniter->handleRequest(null, Object(Config\Cache), false)
 9 FCPATH\index.php(67): CodeIgniter\CodeIgniter->run()
CRITICAL - 2023-01-17 11:14:41 --> syntax error, unexpected token "}", expecting ";"
in APPPATH\Controllers\Dashboard.php on line 115.
 1 SYSTEMPATH\Autoloader\Autoloader.php(260): CodeIgniter\Autoloader\Autoloader->includeFile('APPPATH\\Controllers\\Dashboard.php')
 2 SYSTEMPATH\Autoloader\Autoloader.php(238): CodeIgniter\Autoloader\Autoloader->loadInNamespace('App\\Controllers\\Dashboard')
 3 [internal function]: CodeIgniter\Autoloader\Autoloader->loadClass('App\\Controllers\\Dashboard')
 4 SYSTEMPATH\CodeIgniter.php(875): class_exists('\\App\\Controllers\\Dashboard', true)
 5 SYSTEMPATH\CodeIgniter.php(467): CodeIgniter\CodeIgniter->startController()
 6 SYSTEMPATH\CodeIgniter.php(349): CodeIgniter\CodeIgniter->handleRequest(null, Object(Config\Cache), false)
 7 FCPATH\index.php(67): CodeIgniter\CodeIgniter->run()
ERROR - 2023-01-17 11:21:57 --> Email: sendWithSmtp throwed ErrorException: fsockopen(): php_network_getaddresses: getaddrinfo for smtp.gmail.com failed: No such host is known.  in C:\wamp64\www\university\system\Email\Email.php:1864
Stack trace:
#0 [internal function]: CodeIgniter\Debug\Exceptions->errorHandler(2, 'fsockopen(): ph...', 'C:\\wamp64\\www\\u...', 1864)
#1 C:\wamp64\www\university\system\Email\Email.php(1864): fsockopen('tls://smtp.gmai...', 465, NULL, NULL, 60)
#2 C:\wamp64\www\university\system\Email\Email.php(1778): CodeIgniter\Email\Email->SMTPConnect()
#3 C:\wamp64\www\university\system\Email\Email.php(1663): CodeIgniter\Email\Email->sendWithSmtp()
#4 C:\wamp64\www\university\system\Email\Email.php(1561): CodeIgniter\Email\Email->spoolEmail()
#5 C:\wamp64\www\university\app\Controllers\University.php(90): CodeIgniter\Email\Email->send()
#6 C:\wamp64\www\university\system\CodeIgniter.php(925): App\Controllers\University->register()
#7 C:\wamp64\www\university\system\CodeIgniter.php(480): CodeIgniter\CodeIgniter->runController(Object(App\Controllers\University))
#8 C:\wamp64\www\university\system\CodeIgniter.php(349): CodeIgniter\CodeIgniter->handleRequest(NULL, Object(Config\Cache), false)
#9 C:\wamp64\www\university\public\index.php(67): CodeIgniter\CodeIgniter->run()
#10 {main}
ERROR - 2023-01-17 11:21:57 --> Email: Unable to send email using SMTP. Your server might not be configured to send mail using this method.
ERROR - 2023-01-17 11:21:57 --> 
CRITICAL - 2023-01-17 11:30:14 --> Undefined variable $validation
in APPPATH\Views\change_password.php on line 12.
 1 APPPATH\Views\change_password.php(12): CodeIgniter\Debug\Exceptions->errorHandler(2, 'Undefined variable $validation', 'APPPATH\\Views\\change_password.php', 12)
 2 SYSTEMPATH\View\View.php(213): include('APPPATH\\Views\\change_password.php')
 3 SYSTEMPATH\View\View.php(216): CodeIgniter\View\View->CodeIgniter\View\{closure}()
 4 SYSTEMPATH\Common.php(1135): CodeIgniter\View\View->render('change_password', [], true)
 5 APPPATH\Controllers\Dashboard.php(123): view('change_password', [...])
 6 SYSTEMPATH\CodeIgniter.php(925): App\Controllers\Dashboard->changePassword()
 7 SYSTEMPATH\CodeIgniter.php(480): CodeIgniter\CodeIgniter->runController(Object(App\Controllers\Dashboard))
 8 SYSTEMPATH\CodeIgniter.php(349): CodeIgniter\CodeIgniter->handleRequest(null, Object(Config\Cache), false)
 9 FCPATH\index.php(67): CodeIgniter\CodeIgniter->run()
CRITICAL - 2023-01-17 11:31:09 --> Undefined variable $validation
in APPPATH\Views\change_password.php on line 12.
 1 APPPATH\Views\change_password.php(12): CodeIgniter\Debug\Exceptions->errorHandler(2, 'Undefined variable $validation', 'APPPATH\\Views\\change_password.php', 12)
 2 SYSTEMPATH\View\View.php(213): include('APPPATH\\Views\\change_password.php')
 3 SYSTEMPATH\View\View.php(216): CodeIgniter\View\View->CodeIgniter\View\{closure}()
 4 SYSTEMPATH\Common.php(1135): CodeIgniter\View\View->render('change_password', [], true)
 5 APPPATH\Controllers\Dashboard.php(123): view('change_password', [...])
 6 SYSTEMPATH\CodeIgniter.php(925): App\Controllers\Dashboard->changePassword()
 7 SYSTEMPATH\CodeIgniter.php(480): CodeIgniter\CodeIgniter->runController(Object(App\Controllers\Dashboard))
 8 SYSTEMPATH\CodeIgniter.php(349): CodeIgniter\CodeIgniter->handleRequest(null, Object(Config\Cache), false)
 9 FCPATH\index.php(67): CodeIgniter\CodeIgniter->run()
CRITICAL - 2023-01-17 11:43:03 --> You must set the database table to be used with your query.
in SYSTEMPATH\Database\BaseConnection.php on line 845.
 1 SYSTEMPATH\Model.php(611): CodeIgniter\Database\BaseConnection->table(null)
 2 SYSTEMPATH\Model.php(797): CodeIgniter\Model->builder()
 3 APPPATH\Controllers\Dashboard.php(114): CodeIgniter\Model->__call('updatePassword', [...])
 4 SYSTEMPATH\CodeIgniter.php(925): App\Controllers\Dashboard->changePassword()
 5 SYSTEMPATH\CodeIgniter.php(480): CodeIgniter\CodeIgniter->runController(Object(App\Controllers\Dashboard))
 6 SYSTEMPATH\CodeIgniter.php(349): CodeIgniter\CodeIgniter->handleRequest(null, Object(Config\Cache), false)
 7 FCPATH\index.php(67): CodeIgniter\CodeIgniter->run()
CRITICAL - 2023-01-17 11:59:19 --> Undefined variable $validation
in APPPATH\Views\change_password.php on line 14.
 1 APPPATH\Views\change_password.php(14): CodeIgniter\Debug\Exceptions->errorHandler(2, 'Undefined variable $validation', 'APPPATH\\Views\\change_password.php', 14)
 2 SYSTEMPATH\View\View.php(213): include('APPPATH\\Views\\change_password.php')
 3 SYSTEMPATH\View\View.php(216): CodeIgniter\View\View->CodeIgniter\View\{closure}()
 4 SYSTEMPATH\Common.php(1135): CodeIgniter\View\View->render('change_password', [], true)
 5 APPPATH\Controllers\Dashboard.php(128): view('change_password', [...])
 6 SYSTEMPATH\CodeIgniter.php(925): App\Controllers\Dashboard->changePassword()
 7 SYSTEMPATH\CodeIgniter.php(480): CodeIgniter\CodeIgniter->runController(Object(App\Controllers\Dashboard))
 8 SYSTEMPATH\CodeIgniter.php(349): CodeIgniter\CodeIgniter->handleRequest(null, Object(Config\Cache), false)
 9 FCPATH\index.php(67): CodeIgniter\CodeIgniter->run()
CRITICAL - 2023-01-17 12:05:59 --> Undefined variable $validation
in APPPATH\Views\change_password.php on line 14.
 1 APPPATH\Views\change_password.php(14): CodeIgniter\Debug\Exceptions->errorHandler(2, 'Undefined variable $validation', 'APPPATH\\Views\\change_password.php', 14)
 2 SYSTEMPATH\View\View.php(213): include('APPPATH\\Views\\change_password.php')
 3 SYSTEMPATH\View\View.php(216): CodeIgniter\View\View->CodeIgniter\View\{closure}()
 4 SYSTEMPATH\Common.php(1135): CodeIgniter\View\View->render('change_password', [], true)
 5 APPPATH\Controllers\Dashboard.php(128): view('change_password', [...])
 6 SYSTEMPATH\CodeIgniter.php(925): App\Controllers\Dashboard->changePassword()
 7 SYSTEMPATH\CodeIgniter.php(480): CodeIgniter\CodeIgniter->runController(Object(App\Controllers\Dashboard))
 8 SYSTEMPATH\CodeIgniter.php(349): CodeIgniter\CodeIgniter->handleRequest(null, Object(Config\Cache), false)
 9 FCPATH\index.php(67): CodeIgniter\CodeIgniter->run()
CRITICAL - 2023-01-17 12:13:51 --> Undefined variable $validation
in APPPATH\Views\change_password.php on line 14.
 1 APPPATH\Views\change_password.php(14): CodeIgniter\Debug\Exceptions->errorHandler(2, 'Undefined variable $validation', 'APPPATH\\Views\\change_password.php', 14)
 2 SYSTEMPATH\View\View.php(213): include('APPPATH\\Views\\change_password.php')
 3 SYSTEMPATH\View\View.php(216): CodeIgniter\View\View->CodeIgniter\View\{closure}()
 4 SYSTEMPATH\Common.php(1135): CodeIgniter\View\View->render('change_password', [], true)
 5 APPPATH\Controllers\Dashboard.php(128): view('change_password', [...])
 6 SYSTEMPATH\CodeIgniter.php(925): App\Controllers\Dashboard->changePassword()
 7 SYSTEMPATH\CodeIgniter.php(480): CodeIgniter\CodeIgniter->runController(Object(App\Controllers\Dashboard))
 8 SYSTEMPATH\CodeIgniter.php(349): CodeIgniter\CodeIgniter->handleRequest(null, Object(Config\Cache), false)
 9 FCPATH\index.php(67): CodeIgniter\CodeIgniter->run()
