CRITICAL - 2023-01-30 03:22:19 --> Attempt to read property "errno" on bool
in SYSTEMPATH\Database\MySQLi\Connection.php on line 561.
 1 SYSTEMPATH\Database\MySQLi\Connection.php(561): CodeIgniter\Debug\Exceptions->errorHandler(2, 'Attempt to read property "errno" on bool', 'SYSTEMPATH\\Database\\MySQLi\\Connection.php', 561)
 2 SYSTEMPATH\Model.php(477): CodeIgniter\Database\MySQLi\Connection->error()
 3 SYSTEMPATH\BaseModel.php(1082): CodeIgniter\Model->doErrors()
 4 APPPATH\Controllers\EmployeeController.php(26): CodeIgniter\BaseModel->errors()
 5 SYSTEMPATH\CodeIgniter.php(925): App\Controllers\EmployeeController->addEmp()
 6 SYSTEMPATH\CodeIgniter.php(480): CodeIgniter\CodeIgniter->runController(Object(App\Controllers\EmployeeController))
 7 SYSTEMPATH\CodeIgniter.php(349): CodeIgniter\CodeIgniter->handleRequest(null, Object(Config\Cache), false)
 8 FCPATH\index.php(67): CodeIgniter\CodeIgniter->run()
CRITICAL - 2023-01-30 03:25:13 --> Attempt to read property "errno" on bool
in SYSTEMPATH\Database\MySQLi\Connection.php on line 561.
 1 SYSTEMPATH\Database\MySQLi\Connection.php(561): CodeIgniter\Debug\Exceptions->errorHandler(2, 'Attempt to read property "errno" on bool', 'SYSTEMPATH\\Database\\MySQLi\\Connection.php', 561)
 2 SYSTEMPATH\Model.php(477): CodeIgniter\Database\MySQLi\Connection->error()
 3 SYSTEMPATH\BaseModel.php(1082): CodeIgniter\Model->doErrors()
 4 APPPATH\Controllers\EmployeeController.php(26): CodeIgniter\BaseModel->errors()
 5 SYSTEMPATH\CodeIgniter.php(925): App\Controllers\EmployeeController->addEmp()
 6 SYSTEMPATH\CodeIgniter.php(480): CodeIgniter\CodeIgniter->runController(Object(App\Controllers\EmployeeController))
 7 SYSTEMPATH\CodeIgniter.php(349): CodeIgniter\CodeIgniter->handleRequest(null, Object(Config\Cache), false)
 8 FCPATH\index.php(67): CodeIgniter\CodeIgniter->run()
CRITICAL - 2023-01-30 03:29:28 --> rquired is not a valid rule.
in SYSTEMPATH\Validation\Validation.php on line 323.
 1 SYSTEMPATH\Validation\Validation.php(323): CodeIgniter\Validation\Exceptions\ValidationException::forRuleNotFound('rquired')
 2 SYSTEMPATH\Validation\Validation.php(175): CodeIgniter\Validation\Validation->processRules('desgn', 'desgn', null, [...], [...])
 3 SYSTEMPATH\BaseModel.php(1373): CodeIgniter\Validation\Validation->run([...], null, null)
 4 SYSTEMPATH\BaseModel.php(713): CodeIgniter\BaseModel->validate([...])
 5 SYSTEMPATH\Model.php(695): CodeIgniter\BaseModel->insert([...], false)
 6 SYSTEMPATH\BaseModel.php(660): CodeIgniter\Model->insert([...], false)
 7 APPPATH\Controllers\EmployeeController.php(22): CodeIgniter\BaseModel->save([...])
 8 SYSTEMPATH\CodeIgniter.php(925): App\Controllers\EmployeeController->addEmp()
 9 SYSTEMPATH\CodeIgniter.php(480): CodeIgniter\CodeIgniter->runController(Object(App\Controllers\EmployeeController))
10 SYSTEMPATH\CodeIgniter.php(349): CodeIgniter\CodeIgniter->handleRequest(null, Object(Config\Cache), false)
11 FCPATH\index.php(67): CodeIgniter\CodeIgniter->run()
CRITICAL - 2023-01-30 03:31:00 --> Attempt to read property "errno" on bool
in SYSTEMPATH\Database\MySQLi\Connection.php on line 561.
 1 SYSTEMPATH\Database\MySQLi\Connection.php(561): CodeIgniter\Debug\Exceptions->errorHandler(2, 'Attempt to read property "errno" on bool', 'SYSTEMPATH\\Database\\MySQLi\\Connection.php', 561)
 2 SYSTEMPATH\Model.php(477): CodeIgniter\Database\MySQLi\Connection->error()
 3 SYSTEMPATH\BaseModel.php(1082): CodeIgniter\Model->doErrors()
 4 APPPATH\Controllers\EmployeeController.php(26): CodeIgniter\BaseModel->errors()
 5 SYSTEMPATH\CodeIgniter.php(925): App\Controllers\EmployeeController->addEmp()
 6 SYSTEMPATH\CodeIgniter.php(480): CodeIgniter\CodeIgniter->runController(Object(App\Controllers\EmployeeController))
 7 SYSTEMPATH\CodeIgniter.php(349): CodeIgniter\CodeIgniter->handleRequest(null, Object(Config\Cache), false)
 8 FCPATH\index.php(67): CodeIgniter\CodeIgniter->run()
ERROR - 2023-01-30 03:34:59 --> mysqli_sql_exception: Column 'designation' cannot be null in C:\wamp64\www\university\system\Database\MySQLi\Connection.php:292
Stack trace:
#0 C:\wamp64\www\university\system\Database\MySQLi\Connection.php(292): mysqli->query('INSERT INTO `em...', 0)
#1 C:\wamp64\www\university\system\Database\BaseConnection.php(666): CodeIgniter\Database\MySQLi\Connection->execute('INSERT INTO `em...')
#2 C:\wamp64\www\university\system\Database\BaseConnection.php(593): CodeIgniter\Database\BaseConnection->simpleQuery('INSERT INTO `em...')
#3 C:\wamp64\www\university\system\Database\BaseBuilder.php(1916): CodeIgniter\Database\BaseConnection->query('INSERT INTO `em...', Array, false)
#4 C:\wamp64\www\university\system\Model.php(303): CodeIgniter\Database\BaseBuilder->insert()
#5 C:\wamp64\www\university\system\BaseModel.php(750): CodeIgniter\Model->doInsert(Array)
#6 C:\wamp64\www\university\system\Model.php(695): CodeIgniter\BaseModel->insert(Array, false)
#7 C:\wamp64\www\university\system\BaseModel.php(660): CodeIgniter\Model->insert(Array, false)
#8 C:\wamp64\www\university\app\Controllers\EmployeeController.php(22): CodeIgniter\BaseModel->save(Array)
#9 C:\wamp64\www\university\system\CodeIgniter.php(925): App\Controllers\EmployeeController->addEmp()
#10 C:\wamp64\www\university\system\CodeIgniter.php(480): CodeIgniter\CodeIgniter->runController(Object(App\Controllers\EmployeeController))
#11 C:\wamp64\www\university\system\CodeIgniter.php(349): CodeIgniter\CodeIgniter->handleRequest(NULL, Object(Config\Cache), false)
#12 C:\wamp64\www\university\public\index.php(67): CodeIgniter\CodeIgniter->run()
#13 {main}
CRITICAL - 2023-01-30 03:34:59 --> Column 'designation' cannot be null
in SYSTEMPATH\Database\MySQLi\Connection.php on line 292.
 1 SYSTEMPATH\Database\MySQLi\Connection.php(292): mysqli->query('INSERT INTO `employees` (`name`, `email`, `salary`, `mobile`, `designation`, `city`, `created_at`, `updated_at`) VALUES (\'felix\', \'jajadev@gmail.com\', \'234564\', \'0786644987\', NULL, \'Kampala \', \'2023-01-30 03:34:58\', \'2023-01-30 03:34:58\')', 0)
 2 SYSTEMPATH\Database\BaseConnection.php(666): CodeIgniter\Database\MySQLi\Connection->execute('INSERT INTO `employees` (`name`, `email`, `salary`, `mobile`, `designation`, `city`, `created_at`, `updated_at`) VALUES (\'felix\', \'jajadev@gmail.com\', \'234564\', \'0786644987\', NULL, \'Kampala \', \'2023-01-30 03:34:58\', \'2023-01-30 03:34:58\')')
 3 SYSTEMPATH\Database\BaseConnection.php(593): CodeIgniter\Database\BaseConnection->simpleQuery('INSERT INTO `employees` (`name`, `email`, `salary`, `mobile`, `designation`, `city`, `created_at`, `updated_at`) VALUES (\'felix\', \'jajadev@gmail.com\', \'234564\', \'0786644987\', NULL, \'Kampala \', \'2023-01-30 03:34:58\', \'2023-01-30 03:34:58\')')
 4 SYSTEMPATH\Database\BaseBuilder.php(1916): CodeIgniter\Database\BaseConnection->query('INSERT INTO `employees` (`name`, `email`, `salary`, `mobile`, `designation`, `city`, `created_at`, `updated_at`) VALUES (:name:, :email:, :salary:, :mobile:, :designation:, :city:, :created_at:, :updated_at:)', [...], false)
 5 SYSTEMPATH\Model.php(303): CodeIgniter\Database\BaseBuilder->insert()
 6 SYSTEMPATH\BaseModel.php(750): CodeIgniter\Model->doInsert([...])
 7 SYSTEMPATH\Model.php(695): CodeIgniter\BaseModel->insert([...], false)
 8 SYSTEMPATH\BaseModel.php(660): CodeIgniter\Model->insert([...], false)
 9 APPPATH\Controllers\EmployeeController.php(22): CodeIgniter\BaseModel->save([...])
10 SYSTEMPATH\CodeIgniter.php(925): App\Controllers\EmployeeController->addEmp()
11 SYSTEMPATH\CodeIgniter.php(480): CodeIgniter\CodeIgniter->runController(Object(App\Controllers\EmployeeController))
12 SYSTEMPATH\CodeIgniter.php(349): CodeIgniter\CodeIgniter->handleRequest(null, Object(Config\Cache), false)
13 FCPATH\index.php(67): CodeIgniter\CodeIgniter->run()
ERROR - 2023-01-30 03:37:17 --> mysqli_sql_exception: Column 'designation' cannot be null in C:\wamp64\www\university\system\Database\MySQLi\Connection.php:292
Stack trace:
#0 C:\wamp64\www\university\system\Database\MySQLi\Connection.php(292): mysqli->query('INSERT INTO `em...', 0)
#1 C:\wamp64\www\university\system\Database\BaseConnection.php(666): CodeIgniter\Database\MySQLi\Connection->execute('INSERT INTO `em...')
#2 C:\wamp64\www\university\system\Database\BaseConnection.php(593): CodeIgniter\Database\BaseConnection->simpleQuery('INSERT INTO `em...')
#3 C:\wamp64\www\university\system\Database\BaseBuilder.php(1916): CodeIgniter\Database\BaseConnection->query('INSERT INTO `em...', Array, false)
#4 C:\wamp64\www\university\system\Model.php(303): CodeIgniter\Database\BaseBuilder->insert()
#5 C:\wamp64\www\university\system\BaseModel.php(750): CodeIgniter\Model->doInsert(Array)
#6 C:\wamp64\www\university\system\Model.php(695): CodeIgniter\BaseModel->insert(Array, false)
#7 C:\wamp64\www\university\system\BaseModel.php(660): CodeIgniter\Model->insert(Array, false)
#8 C:\wamp64\www\university\app\Controllers\EmployeeController.php(22): CodeIgniter\BaseModel->save(Array)
#9 C:\wamp64\www\university\system\CodeIgniter.php(925): App\Controllers\EmployeeController->addEmp()
#10 C:\wamp64\www\university\system\CodeIgniter.php(480): CodeIgniter\CodeIgniter->runController(Object(App\Controllers\EmployeeController))
#11 C:\wamp64\www\university\system\CodeIgniter.php(349): CodeIgniter\CodeIgniter->handleRequest(NULL, Object(Config\Cache), false)
#12 C:\wamp64\www\university\public\index.php(67): CodeIgniter\CodeIgniter->run()
#13 {main}
CRITICAL - 2023-01-30 03:37:17 --> Column 'designation' cannot be null
in SYSTEMPATH\Database\MySQLi\Connection.php on line 292.
 1 SYSTEMPATH\Database\MySQLi\Connection.php(292): mysqli->query('INSERT INTO `employees` (`name`, `email`, `salary`, `mobile`, `designation`, `city`, `created_at`, `updated_at`) VALUES (\'Kibooli Felix\', \'jajadev@gmail.com\', \'234564\', \'0786644987\', NULL, \'Kampala \', \'2023-01-30 03:37:16\', \'2023-01-30 03:37:16\')', 0)
 2 SYSTEMPATH\Database\BaseConnection.php(666): CodeIgniter\Database\MySQLi\Connection->execute('INSERT INTO `employees` (`name`, `email`, `salary`, `mobile`, `designation`, `city`, `created_at`, `updated_at`) VALUES (\'Kibooli Felix\', \'jajadev@gmail.com\', \'234564\', \'0786644987\', NULL, \'Kampala \', \'2023-01-30 03:37:16\', \'2023-01-30 03:37:16\')')
 3 SYSTEMPATH\Database\BaseConnection.php(593): CodeIgniter\Database\BaseConnection->simpleQuery('INSERT INTO `employees` (`name`, `email`, `salary`, `mobile`, `designation`, `city`, `created_at`, `updated_at`) VALUES (\'Kibooli Felix\', \'jajadev@gmail.com\', \'234564\', \'0786644987\', NULL, \'Kampala \', \'2023-01-30 03:37:16\', \'2023-01-30 03:37:16\')')
 4 SYSTEMPATH\Database\BaseBuilder.php(1916): CodeIgniter\Database\BaseConnection->query('INSERT INTO `employees` (`name`, `email`, `salary`, `mobile`, `designation`, `city`, `created_at`, `updated_at`) VALUES (:name:, :email:, :salary:, :mobile:, :designation:, :city:, :created_at:, :updated_at:)', [...], false)
 5 SYSTEMPATH\Model.php(303): CodeIgniter\Database\BaseBuilder->insert()
 6 SYSTEMPATH\BaseModel.php(750): CodeIgniter\Model->doInsert([...])
 7 SYSTEMPATH\Model.php(695): CodeIgniter\BaseModel->insert([...], false)
 8 SYSTEMPATH\BaseModel.php(660): CodeIgniter\Model->insert([...], false)
 9 APPPATH\Controllers\EmployeeController.php(22): CodeIgniter\BaseModel->save([...])
10 SYSTEMPATH\CodeIgniter.php(925): App\Controllers\EmployeeController->addEmp()
11 SYSTEMPATH\CodeIgniter.php(480): CodeIgniter\CodeIgniter->runController(Object(App\Controllers\EmployeeController))
12 SYSTEMPATH\CodeIgniter.php(349): CodeIgniter\CodeIgniter->handleRequest(null, Object(Config\Cache), false)
13 FCPATH\index.php(67): CodeIgniter\CodeIgniter->run()
CRITICAL - 2023-01-30 04:06:57 --> Attempt to read property "errno" on bool
in SYSTEMPATH\Database\MySQLi\Connection.php on line 561.
 1 SYSTEMPATH\Database\MySQLi\Connection.php(561): CodeIgniter\Debug\Exceptions->errorHandler(2, 'Attempt to read property "errno" on bool', 'SYSTEMPATH\\Database\\MySQLi\\Connection.php', 561)
 2 SYSTEMPATH\Model.php(477): CodeIgniter\Database\MySQLi\Connection->error()
 3 SYSTEMPATH\BaseModel.php(1082): CodeIgniter\Model->doErrors()
 4 APPPATH\Controllers\EmployeeController.php(27): CodeIgniter\BaseModel->errors()
 5 SYSTEMPATH\CodeIgniter.php(925): App\Controllers\EmployeeController->addEmp()
 6 SYSTEMPATH\CodeIgniter.php(480): CodeIgniter\CodeIgniter->runController(Object(App\Controllers\EmployeeController))
 7 SYSTEMPATH\CodeIgniter.php(349): CodeIgniter\CodeIgniter->handleRequest(null, Object(Config\Cache), false)
 8 FCPATH\index.php(67): CodeIgniter\CodeIgniter->run()
CRITICAL - 2023-01-30 04:59:04 --> Undefined property: stdClass::$namee
in APPPATH\Views\emp_view.php on line 20.
 1 APPPATH\Views\emp_view.php(20): CodeIgniter\Debug\Exceptions->errorHandler(2, 'Undefined property: stdClass::$namee', 'APPPATH\\Views\\emp_view.php', 20)
 2 SYSTEMPATH\View\View.php(213): include('APPPATH\\Views\\emp_view.php')
 3 SYSTEMPATH\View\View.php(216): CodeIgniter\View\View->CodeIgniter\View\{closure}()
 4 SYSTEMPATH\Common.php(1135): CodeIgniter\View\View->render('emp_view', [], true)
 5 APPPATH\Controllers\EmployeeController.php(39): view('emp_view', [...])
 6 SYSTEMPATH\CodeIgniter.php(925): App\Controllers\EmployeeController->viewEmp()
 7 SYSTEMPATH\CodeIgniter.php(480): CodeIgniter\CodeIgniter->runController(Object(App\Controllers\EmployeeController))
 8 SYSTEMPATH\CodeIgniter.php(349): CodeIgniter\CodeIgniter->handleRequest(null, Object(Config\Cache), false)
 9 FCPATH\index.php(67): CodeIgniter\CodeIgniter->run()
