CRITICAL - 2023-01-31 01:54:26 --> Call to a member function where() on array
in APPPATH\Controllers\EmployeeController.php on line 42.
 1 SYSTEMPATH\CodeIgniter.php(925): App\Controllers\EmployeeController->editEmp('1')
 2 SYSTEMPATH\CodeIgniter.php(480): CodeIgniter\CodeIgniter->runController(Object(App\Controllers\EmployeeController))
 3 SYSTEMPATH\CodeIgniter.php(349): CodeIgniter\CodeIgniter->handleRequest(null, Object(Config\Cache), false)
 4 FCPATH\index.php(67): CodeIgniter\CodeIgniter->run()
CRITICAL - 2023-01-31 01:55:06 --> Call to a member function where() on array
in APPPATH\Controllers\EmployeeController.php on line 42.
 1 SYSTEMPATH\CodeIgniter.php(925): App\Controllers\EmployeeController->editEmp('1')
 2 SYSTEMPATH\CodeIgniter.php(480): CodeIgniter\CodeIgniter->runController(Object(App\Controllers\EmployeeController))
 3 SYSTEMPATH\CodeIgniter.php(349): CodeIgniter\CodeIgniter->handleRequest(null, Object(Config\Cache), false)
 4 FCPATH\index.php(67): CodeIgniter\CodeIgniter->run()
CRITICAL - 2023-01-31 02:01:38 --> Object of class stdClass could not be converted to string
in APPPATH\Views\empedit_view.php on line 8.
 1 SYSTEMPATH\View\View.php(213): include()
 2 SYSTEMPATH\View\View.php(216): CodeIgniter\View\View->CodeIgniter\View\{closure}()
 3 SYSTEMPATH\Common.php(1135): CodeIgniter\View\View->render('empedit_view', [], true)
 4 APPPATH\Controllers\EmployeeController.php(44): view('empedit_view', [...])
 5 SYSTEMPATH\CodeIgniter.php(925): App\Controllers\EmployeeController->editEmp('1')
 6 SYSTEMPATH\CodeIgniter.php(480): CodeIgniter\CodeIgniter->runController(Object(App\Controllers\EmployeeController))
 7 SYSTEMPATH\CodeIgniter.php(349): CodeIgniter\CodeIgniter->handleRequest(null, Object(Config\Cache), false)
 8 FCPATH\index.php(67): CodeIgniter\CodeIgniter->run()
CRITICAL - 2023-01-31 02:23:20 --> Undefined variable $data
in APPPATH\Views\empedit_view.php on line 21.
 1 APPPATH\Views\empedit_view.php(21): CodeIgniter\Debug\Exceptions->errorHandler(2, 'Undefined variable $data', 'APPPATH\\Views\\empedit_view.php', 21)
 2 SYSTEMPATH\View\View.php(213): include('APPPATH\\Views\\empedit_view.php')
 3 SYSTEMPATH\View\View.php(216): CodeIgniter\View\View->CodeIgniter\View\{closure}()
 4 SYSTEMPATH\Common.php(1135): CodeIgniter\View\View->render('empedit_view', [], true)
 5 APPPATH\Controllers\EmployeeController.php(58): view('empedit_view', [...])
 6 SYSTEMPATH\CodeIgniter.php(925): App\Controllers\EmployeeController->editEmp('1')
 7 SYSTEMPATH\CodeIgniter.php(480): CodeIgniter\CodeIgniter->runController(Object(App\Controllers\EmployeeController))
 8 SYSTEMPATH\CodeIgniter.php(349): CodeIgniter\CodeIgniter->handleRequest(null, Object(Config\Cache), false)
 9 FCPATH\index.php(67): CodeIgniter\CodeIgniter->run()
CRITICAL - 2023-01-31 02:25:03 --> Undefined variable $data
in APPPATH\Views\empedit_view.php on line 21.
 1 APPPATH\Views\empedit_view.php(21): CodeIgniter\Debug\Exceptions->errorHandler(2, 'Undefined variable $data', 'APPPATH\\Views\\empedit_view.php', 21)
 2 SYSTEMPATH\View\View.php(213): include('APPPATH\\Views\\empedit_view.php')
 3 SYSTEMPATH\View\View.php(216): CodeIgniter\View\View->CodeIgniter\View\{closure}()
 4 SYSTEMPATH\Common.php(1135): CodeIgniter\View\View->render('empedit_view', [], true)
 5 APPPATH\Controllers\EmployeeController.php(58): view('empedit_view', [...])
 6 SYSTEMPATH\CodeIgniter.php(925): App\Controllers\EmployeeController->editEmp('1')
 7 SYSTEMPATH\CodeIgniter.php(480): CodeIgniter\CodeIgniter->runController(Object(App\Controllers\EmployeeController))
 8 SYSTEMPATH\CodeIgniter.php(349): CodeIgniter\CodeIgniter->handleRequest(null, Object(Config\Cache), false)
 9 FCPATH\index.php(67): CodeIgniter\CodeIgniter->run()
CRITICAL - 2023-01-31 02:25:46 --> Undefined variable $data
in APPPATH\Views\empedit_view.php on line 21.
 1 APPPATH\Views\empedit_view.php(21): CodeIgniter\Debug\Exceptions->errorHandler(2, 'Undefined variable $data', 'APPPATH\\Views\\empedit_view.php', 21)
 2 SYSTEMPATH\View\View.php(213): include('APPPATH\\Views\\empedit_view.php')
 3 SYSTEMPATH\View\View.php(216): CodeIgniter\View\View->CodeIgniter\View\{closure}()
 4 SYSTEMPATH\Common.php(1135): CodeIgniter\View\View->render('empedit_view', [], true)
 5 APPPATH\Controllers\EmployeeController.php(58): view('empedit_view', [...])
 6 SYSTEMPATH\CodeIgniter.php(925): App\Controllers\EmployeeController->editEmp('1')
 7 SYSTEMPATH\CodeIgniter.php(480): CodeIgniter\CodeIgniter->runController(Object(App\Controllers\EmployeeController))
 8 SYSTEMPATH\CodeIgniter.php(349): CodeIgniter\CodeIgniter->handleRequest(null, Object(Config\Cache), false)
 9 FCPATH\index.php(67): CodeIgniter\CodeIgniter->run()
CRITICAL - 2023-01-31 02:25:53 --> Undefined variable $data
in APPPATH\Views\empedit_view.php on line 21.
 1 APPPATH\Views\empedit_view.php(21): CodeIgniter\Debug\Exceptions->errorHandler(2, 'Undefined variable $data', 'APPPATH\\Views\\empedit_view.php', 21)
 2 SYSTEMPATH\View\View.php(213): include('APPPATH\\Views\\empedit_view.php')
 3 SYSTEMPATH\View\View.php(216): CodeIgniter\View\View->CodeIgniter\View\{closure}()
 4 SYSTEMPATH\Common.php(1135): CodeIgniter\View\View->render('empedit_view', [], true)
 5 APPPATH\Controllers\EmployeeController.php(58): view('empedit_view', [...])
 6 SYSTEMPATH\CodeIgniter.php(925): App\Controllers\EmployeeController->editEmp('1')
 7 SYSTEMPATH\CodeIgniter.php(480): CodeIgniter\CodeIgniter->runController(Object(App\Controllers\EmployeeController))
 8 SYSTEMPATH\CodeIgniter.php(349): CodeIgniter\CodeIgniter->handleRequest(null, Object(Config\Cache), false)
 9 FCPATH\index.php(67): CodeIgniter\CodeIgniter->run()
CRITICAL - 2023-01-31 02:28:11 --> Undefined variable $data
in APPPATH\Views\empedit_view.php on line 21.
 1 APPPATH\Views\empedit_view.php(21): CodeIgniter\Debug\Exceptions->errorHandler(2, 'Undefined variable $data', 'APPPATH\\Views\\empedit_view.php', 21)
 2 SYSTEMPATH\View\View.php(213): include('APPPATH\\Views\\empedit_view.php')
 3 SYSTEMPATH\View\View.php(216): CodeIgniter\View\View->CodeIgniter\View\{closure}()
 4 SYSTEMPATH\Common.php(1135): CodeIgniter\View\View->render('empedit_view', [], true)
 5 APPPATH\Controllers\EmployeeController.php(57): view('empedit_view', [...])
 6 SYSTEMPATH\CodeIgniter.php(925): App\Controllers\EmployeeController->editEmp('1')
 7 SYSTEMPATH\CodeIgniter.php(480): CodeIgniter\CodeIgniter->runController(Object(App\Controllers\EmployeeController))
 8 SYSTEMPATH\CodeIgniter.php(349): CodeIgniter\CodeIgniter->handleRequest(null, Object(Config\Cache), false)
 9 FCPATH\index.php(67): CodeIgniter\CodeIgniter->run()
CRITICAL - 2023-01-31 02:30:02 --> Undefined variable $data
in APPPATH\Views\empedit_view.php on line 21.
 1 APPPATH\Views\empedit_view.php(21): CodeIgniter\Debug\Exceptions->errorHandler(2, 'Undefined variable $data', 'APPPATH\\Views\\empedit_view.php', 21)
 2 SYSTEMPATH\View\View.php(213): include('APPPATH\\Views\\empedit_view.php')
 3 SYSTEMPATH\View\View.php(216): CodeIgniter\View\View->CodeIgniter\View\{closure}()
 4 SYSTEMPATH\Common.php(1135): CodeIgniter\View\View->render('empedit_view', [], true)
 5 APPPATH\Controllers\EmployeeController.php(58): view('empedit_view', [...])
 6 SYSTEMPATH\CodeIgniter.php(925): App\Controllers\EmployeeController->editEmp('1')
 7 SYSTEMPATH\CodeIgniter.php(480): CodeIgniter\CodeIgniter->runController(Object(App\Controllers\EmployeeController))
 8 SYSTEMPATH\CodeIgniter.php(349): CodeIgniter\CodeIgniter->handleRequest(null, Object(Config\Cache), false)
 9 FCPATH\index.php(67): CodeIgniter\CodeIgniter->run()
CRITICAL - 2023-01-31 02:34:10 --> Attempt to read property "name" on null
in APPPATH\Views\empedit_view.php on line 24.
 1 APPPATH\Views\empedit_view.php(24): CodeIgniter\Debug\Exceptions->errorHandler(2, 'Attempt to read property "name" on null', 'APPPATH\\Views\\empedit_view.php', 24)
 2 SYSTEMPATH\View\View.php(213): include('APPPATH\\Views\\empedit_view.php')
 3 SYSTEMPATH\View\View.php(216): CodeIgniter\View\View->CodeIgniter\View\{closure}()
 4 SYSTEMPATH\Common.php(1135): CodeIgniter\View\View->render('empedit_view', [], true)
 5 APPPATH\Controllers\EmployeeController.php(58): view('empedit_view', [...])
 6 SYSTEMPATH\CodeIgniter.php(925): App\Controllers\EmployeeController->editEmp('1')
 7 SYSTEMPATH\CodeIgniter.php(480): CodeIgniter\CodeIgniter->runController(Object(App\Controllers\EmployeeController))
 8 SYSTEMPATH\CodeIgniter.php(349): CodeIgniter\CodeIgniter->handleRequest(null, Object(Config\Cache), false)
 9 FCPATH\index.php(67): CodeIgniter\CodeIgniter->run()
CRITICAL - 2023-01-31 02:36:16 --> Undefined variable $data
in APPPATH\Views\empedit_view.php on line 21.
 1 APPPATH\Views\empedit_view.php(21): CodeIgniter\Debug\Exceptions->errorHandler(2, 'Undefined variable $data', 'APPPATH\\Views\\empedit_view.php', 21)
 2 SYSTEMPATH\View\View.php(213): include('APPPATH\\Views\\empedit_view.php')
 3 SYSTEMPATH\View\View.php(216): CodeIgniter\View\View->CodeIgniter\View\{closure}()
 4 SYSTEMPATH\Common.php(1135): CodeIgniter\View\View->render('empedit_view', [], true)
 5 APPPATH\Controllers\EmployeeController.php(58): view('empedit_view', [...])
 6 SYSTEMPATH\CodeIgniter.php(925): App\Controllers\EmployeeController->editEmp('1')
 7 SYSTEMPATH\CodeIgniter.php(480): CodeIgniter\CodeIgniter->runController(Object(App\Controllers\EmployeeController))
 8 SYSTEMPATH\CodeIgniter.php(349): CodeIgniter\CodeIgniter->handleRequest(null, Object(Config\Cache), false)
 9 FCPATH\index.php(67): CodeIgniter\CodeIgniter->run()
CRITICAL - 2023-01-31 02:40:43 --> Undefined variable $data
in APPPATH\Views\empedit_view.php on line 21.
 1 APPPATH\Views\empedit_view.php(21): CodeIgniter\Debug\Exceptions->errorHandler(2, 'Undefined variable $data', 'APPPATH\\Views\\empedit_view.php', 21)
 2 SYSTEMPATH\View\View.php(213): include('APPPATH\\Views\\empedit_view.php')
 3 SYSTEMPATH\View\View.php(216): CodeIgniter\View\View->CodeIgniter\View\{closure}()
 4 SYSTEMPATH\Common.php(1135): CodeIgniter\View\View->render('empedit_view', [], true)
 5 APPPATH\Controllers\EmployeeController.php(58): view('empedit_view', [...])
 6 SYSTEMPATH\CodeIgniter.php(925): App\Controllers\EmployeeController->editEmp('1')
 7 SYSTEMPATH\CodeIgniter.php(480): CodeIgniter\CodeIgniter->runController(Object(App\Controllers\EmployeeController))
 8 SYSTEMPATH\CodeIgniter.php(349): CodeIgniter\CodeIgniter->handleRequest(null, Object(Config\Cache), false)
 9 FCPATH\index.php(67): CodeIgniter\CodeIgniter->run()
CRITICAL - 2023-01-31 02:43:10 --> Undefined variable $data
in APPPATH\Views\empedit_view.php on line 21.
 1 APPPATH\Views\empedit_view.php(21): CodeIgniter\Debug\Exceptions->errorHandler(2, 'Undefined variable $data', 'APPPATH\\Views\\empedit_view.php', 21)
 2 SYSTEMPATH\View\View.php(213): include('APPPATH\\Views\\empedit_view.php')
 3 SYSTEMPATH\View\View.php(216): CodeIgniter\View\View->CodeIgniter\View\{closure}()
 4 SYSTEMPATH\Common.php(1135): CodeIgniter\View\View->render('empedit_view', [], true)
 5 APPPATH\Controllers\EmployeeController.php(58): view('empedit_view', [...])
 6 SYSTEMPATH\CodeIgniter.php(925): App\Controllers\EmployeeController->editEmp('1')
 7 SYSTEMPATH\CodeIgniter.php(480): CodeIgniter\CodeIgniter->runController(Object(App\Controllers\EmployeeController))
 8 SYSTEMPATH\CodeIgniter.php(349): CodeIgniter\CodeIgniter->handleRequest(null, Object(Config\Cache), false)
 9 FCPATH\index.php(67): CodeIgniter\CodeIgniter->run()
CRITICAL - 2023-01-31 02:49:13 --> Undefined variable $data
in APPPATH\Views\empedit_view.php on line 21.
 1 APPPATH\Views\empedit_view.php(21): CodeIgniter\Debug\Exceptions->errorHandler(2, 'Undefined variable $data', 'APPPATH\\Views\\empedit_view.php', 21)
 2 SYSTEMPATH\View\View.php(213): include('APPPATH\\Views\\empedit_view.php')
 3 SYSTEMPATH\View\View.php(216): CodeIgniter\View\View->CodeIgniter\View\{closure}()
 4 SYSTEMPATH\Common.php(1135): CodeIgniter\View\View->render('empedit_view', [], true)
 5 APPPATH\Controllers\EmployeeController.php(58): view('empedit_view', [...])
 6 SYSTEMPATH\CodeIgniter.php(925): App\Controllers\EmployeeController->editEmp('1')
 7 SYSTEMPATH\CodeIgniter.php(480): CodeIgniter\CodeIgniter->runController(Object(App\Controllers\EmployeeController))
 8 SYSTEMPATH\CodeIgniter.php(349): CodeIgniter\CodeIgniter->handleRequest(null, Object(Config\Cache), false)
 9 FCPATH\index.php(67): CodeIgniter\CodeIgniter->run()
CRITICAL - 2023-01-31 02:53:44 --> Undefined variable $data
in APPPATH\Views\empedit_view.php on line 21.
 1 APPPATH\Views\empedit_view.php(21): CodeIgniter\Debug\Exceptions->errorHandler(2, 'Undefined variable $data', 'APPPATH\\Views\\empedit_view.php', 21)
 2 SYSTEMPATH\View\View.php(213): include('APPPATH\\Views\\empedit_view.php')
 3 SYSTEMPATH\View\View.php(216): CodeIgniter\View\View->CodeIgniter\View\{closure}()
 4 SYSTEMPATH\Common.php(1135): CodeIgniter\View\View->render('empedit_view', [...], true)
 5 APPPATH\Controllers\EmployeeController.php(58): view('empedit_view', [...], [...])
 6 SYSTEMPATH\CodeIgniter.php(925): App\Controllers\EmployeeController->editEmp('1')
 7 SYSTEMPATH\CodeIgniter.php(480): CodeIgniter\CodeIgniter->runController(Object(App\Controllers\EmployeeController))
 8 SYSTEMPATH\CodeIgniter.php(349): CodeIgniter\CodeIgniter->handleRequest(null, Object(Config\Cache), false)
 9 FCPATH\index.php(67): CodeIgniter\CodeIgniter->run()
CRITICAL - 2023-01-31 02:54:45 --> Undefined variable $data
in APPPATH\Views\empedit_view.php on line 21.
 1 APPPATH\Views\empedit_view.php(21): CodeIgniter\Debug\Exceptions->errorHandler(2, 'Undefined variable $data', 'APPPATH\\Views\\empedit_view.php', 21)
 2 SYSTEMPATH\View\View.php(213): include('APPPATH\\Views\\empedit_view.php')
 3 SYSTEMPATH\View\View.php(216): CodeIgniter\View\View->CodeIgniter\View\{closure}()
 4 SYSTEMPATH\Common.php(1135): CodeIgniter\View\View->render('empedit_view', [...], true)
 5 APPPATH\Controllers\EmployeeController.php(58): view('empedit_view', [...], [...])
 6 SYSTEMPATH\CodeIgniter.php(925): App\Controllers\EmployeeController->editEmp('1')
 7 SYSTEMPATH\CodeIgniter.php(480): CodeIgniter\CodeIgniter->runController(Object(App\Controllers\EmployeeController))
 8 SYSTEMPATH\CodeIgniter.php(349): CodeIgniter\CodeIgniter->handleRequest(null, Object(Config\Cache), false)
 9 FCPATH\index.php(67): CodeIgniter\CodeIgniter->run()
CRITICAL - 2023-01-31 02:58:51 --> Undefined variable $data
in APPPATH\Views\empedit_view.php on line 21.
 1 APPPATH\Views\empedit_view.php(21): CodeIgniter\Debug\Exceptions->errorHandler(2, 'Undefined variable $data', 'APPPATH\\Views\\empedit_view.php', 21)
 2 SYSTEMPATH\View\View.php(213): include('APPPATH\\Views\\empedit_view.php')
 3 SYSTEMPATH\View\View.php(216): CodeIgniter\View\View->CodeIgniter\View\{closure}()
 4 SYSTEMPATH\Common.php(1135): CodeIgniter\View\View->render('empedit_view', [...], true)
 5 APPPATH\Controllers\EmployeeController.php(59): view('empedit_view', [...], [...])
 6 SYSTEMPATH\CodeIgniter.php(925): App\Controllers\EmployeeController->editEmp('1')
 7 SYSTEMPATH\CodeIgniter.php(480): CodeIgniter\CodeIgniter->runController(Object(App\Controllers\EmployeeController))
 8 SYSTEMPATH\CodeIgniter.php(349): CodeIgniter\CodeIgniter->handleRequest(null, Object(Config\Cache), false)
 9 FCPATH\index.php(67): CodeIgniter\CodeIgniter->run()
CRITICAL - 2023-01-31 03:14:33 --> Undefined variable $errors
in APPPATH\Views\empedit_view.php on line 17.
 1 APPPATH\Views\empedit_view.php(17): CodeIgniter\Debug\Exceptions->errorHandler(2, 'Undefined variable $errors', 'APPPATH\\Views\\empedit_view.php', 17)
 2 SYSTEMPATH\View\View.php(213): include('APPPATH\\Views\\empedit_view.php')
 3 SYSTEMPATH\View\View.php(216): CodeIgniter\View\View->CodeIgniter\View\{closure}()
 4 SYSTEMPATH\Common.php(1135): CodeIgniter\View\View->render('empedit_view', [...], true)
 5 APPPATH\Controllers\EmployeeController.php(63): view('empedit_view', [...], [...])
 6 SYSTEMPATH\CodeIgniter.php(925): App\Controllers\EmployeeController->editEmp('1')
 7 SYSTEMPATH\CodeIgniter.php(480): CodeIgniter\CodeIgniter->runController(Object(App\Controllers\EmployeeController))
 8 SYSTEMPATH\CodeIgniter.php(349): CodeIgniter\CodeIgniter->handleRequest(null, Object(Config\Cache), false)
 9 FCPATH\index.php(67): CodeIgniter\CodeIgniter->run()
CRITICAL - 2023-01-31 03:17:10 --> Undefined variable $errors
in APPPATH\Views\empedit_view.php on line 17.
 1 APPPATH\Views\empedit_view.php(17): CodeIgniter\Debug\Exceptions->errorHandler(2, 'Undefined variable $errors', 'APPPATH\\Views\\empedit_view.php', 17)
 2 SYSTEMPATH\View\View.php(213): include('APPPATH\\Views\\empedit_view.php')
 3 SYSTEMPATH\View\View.php(216): CodeIgniter\View\View->CodeIgniter\View\{closure}()
 4 SYSTEMPATH\Common.php(1135): CodeIgniter\View\View->render('empedit_view', [...], true)
 5 APPPATH\Controllers\EmployeeController.php(63): view('empedit_view', [...], [...])
 6 SYSTEMPATH\CodeIgniter.php(925): App\Controllers\EmployeeController->editEmp('1')
 7 SYSTEMPATH\CodeIgniter.php(480): CodeIgniter\CodeIgniter->runController(Object(App\Controllers\EmployeeController))
 8 SYSTEMPATH\CodeIgniter.php(349): CodeIgniter\CodeIgniter->handleRequest(null, Object(Config\Cache), false)
 9 FCPATH\index.php(67): CodeIgniter\CodeIgniter->run()
CRITICAL - 2023-01-31 03:17:50 --> Undefined variable $errors
in APPPATH\Views\empedit_view.php on line 17.
 1 APPPATH\Views\empedit_view.php(17): CodeIgniter\Debug\Exceptions->errorHandler(2, 'Undefined variable $errors', 'APPPATH\\Views\\empedit_view.php', 17)
 2 SYSTEMPATH\View\View.php(213): include('APPPATH\\Views\\empedit_view.php')
 3 SYSTEMPATH\View\View.php(216): CodeIgniter\View\View->CodeIgniter\View\{closure}()
 4 SYSTEMPATH\Common.php(1135): CodeIgniter\View\View->render('empedit_view', [...], true)
 5 APPPATH\Controllers\EmployeeController.php(63): view('empedit_view', [...], [...])
 6 SYSTEMPATH\CodeIgniter.php(925): App\Controllers\EmployeeController->editEmp('1')
 7 SYSTEMPATH\CodeIgniter.php(480): CodeIgniter\CodeIgniter->runController(Object(App\Controllers\EmployeeController))
 8 SYSTEMPATH\CodeIgniter.php(349): CodeIgniter\CodeIgniter->handleRequest(null, Object(Config\Cache), false)
 9 FCPATH\index.php(67): CodeIgniter\CodeIgniter->run()
CRITICAL - 2023-01-31 03:18:17 --> Undefined variable $errors
in APPPATH\Views\empedit_view.php on line 17.
 1 APPPATH\Views\empedit_view.php(17): CodeIgniter\Debug\Exceptions->errorHandler(2, 'Undefined variable $errors', 'APPPATH\\Views\\empedit_view.php', 17)
 2 SYSTEMPATH\View\View.php(213): include('APPPATH\\Views\\empedit_view.php')
 3 SYSTEMPATH\View\View.php(216): CodeIgniter\View\View->CodeIgniter\View\{closure}()
 4 SYSTEMPATH\Common.php(1135): CodeIgniter\View\View->render('empedit_view', [...], true)
 5 APPPATH\Controllers\EmployeeController.php(63): view('empedit_view', [...], [...])
 6 SYSTEMPATH\CodeIgniter.php(925): App\Controllers\EmployeeController->editEmp('1')
 7 SYSTEMPATH\CodeIgniter.php(480): CodeIgniter\CodeIgniter->runController(Object(App\Controllers\EmployeeController))
 8 SYSTEMPATH\CodeIgniter.php(349): CodeIgniter\CodeIgniter->handleRequest(null, Object(Config\Cache), false)
 9 FCPATH\index.php(67): CodeIgniter\CodeIgniter->run()
CRITICAL - 2023-01-31 03:19:19 --> Undefined variable $errors
in APPPATH\Views\empedit_view.php on line 17.
 1 APPPATH\Views\empedit_view.php(17): CodeIgniter\Debug\Exceptions->errorHandler(2, 'Undefined variable $errors', 'APPPATH\\Views\\empedit_view.php', 17)
 2 SYSTEMPATH\View\View.php(213): include('APPPATH\\Views\\empedit_view.php')
 3 SYSTEMPATH\View\View.php(216): CodeIgniter\View\View->CodeIgniter\View\{closure}()
 4 SYSTEMPATH\Common.php(1135): CodeIgniter\View\View->render('empedit_view', [], true)
 5 APPPATH\Controllers\EmployeeController.php(68): view('empedit_view', [...])
 6 SYSTEMPATH\CodeIgniter.php(925): App\Controllers\EmployeeController->editEmp('1')
 7 SYSTEMPATH\CodeIgniter.php(480): CodeIgniter\CodeIgniter->runController(Object(App\Controllers\EmployeeController))
 8 SYSTEMPATH\CodeIgniter.php(349): CodeIgniter\CodeIgniter->handleRequest(null, Object(Config\Cache), false)
 9 FCPATH\index.php(67): CodeIgniter\CodeIgniter->run()
CRITICAL - 2023-01-31 03:19:20 --> Undefined variable $errors
in APPPATH\Views\empedit_view.php on line 17.
 1 APPPATH\Views\empedit_view.php(17): CodeIgniter\Debug\Exceptions->errorHandler(2, 'Undefined variable $errors', 'APPPATH\\Views\\empedit_view.php', 17)
 2 SYSTEMPATH\View\View.php(213): include('APPPATH\\Views\\empedit_view.php')
 3 SYSTEMPATH\View\View.php(216): CodeIgniter\View\View->CodeIgniter\View\{closure}()
 4 SYSTEMPATH\Common.php(1135): CodeIgniter\View\View->render('empedit_view', [], true)
 5 APPPATH\Controllers\EmployeeController.php(68): view('empedit_view', [...])
 6 SYSTEMPATH\CodeIgniter.php(925): App\Controllers\EmployeeController->editEmp('1')
 7 SYSTEMPATH\CodeIgniter.php(480): CodeIgniter\CodeIgniter->runController(Object(App\Controllers\EmployeeController))
 8 SYSTEMPATH\CodeIgniter.php(349): CodeIgniter\CodeIgniter->handleRequest(null, Object(Config\Cache), false)
 9 FCPATH\index.php(67): CodeIgniter\CodeIgniter->run()
CRITICAL - 2023-01-31 03:20:10 --> Undefined variable $data
in APPPATH\Views\empedit_view.php on line 21.
 1 APPPATH\Views\empedit_view.php(21): CodeIgniter\Debug\Exceptions->errorHandler(2, 'Undefined variable $data', 'APPPATH\\Views\\empedit_view.php', 21)
 2 SYSTEMPATH\View\View.php(213): include('APPPATH\\Views\\empedit_view.php')
 3 SYSTEMPATH\View\View.php(216): CodeIgniter\View\View->CodeIgniter\View\{closure}()
 4 SYSTEMPATH\Common.php(1135): CodeIgniter\View\View->render('empedit_view', [...], true)
 5 APPPATH\Controllers\EmployeeController.php(63): view('empedit_view', [...], [...])
 6 SYSTEMPATH\CodeIgniter.php(925): App\Controllers\EmployeeController->editEmp('1')
 7 SYSTEMPATH\CodeIgniter.php(480): CodeIgniter\CodeIgniter->runController(Object(App\Controllers\EmployeeController))
 8 SYSTEMPATH\CodeIgniter.php(349): CodeIgniter\CodeIgniter->handleRequest(null, Object(Config\Cache), false)
 9 FCPATH\index.php(67): CodeIgniter\CodeIgniter->run()
CRITICAL - 2023-01-31 03:24:12 --> Undefined variable $data
in APPPATH\Views\empedit_view.php on line 21.
 1 APPPATH\Views\empedit_view.php(21): CodeIgniter\Debug\Exceptions->errorHandler(2, 'Undefined variable $data', 'APPPATH\\Views\\empedit_view.php', 21)
 2 SYSTEMPATH\View\View.php(213): include('APPPATH\\Views\\empedit_view.php')
 3 SYSTEMPATH\View\View.php(216): CodeIgniter\View\View->CodeIgniter\View\{closure}()
 4 SYSTEMPATH\Common.php(1135): CodeIgniter\View\View->render('empedit_view', [], true)
 5 APPPATH\Controllers\EmployeeController.php(63): view('empedit_view', [...])
 6 SYSTEMPATH\CodeIgniter.php(925): App\Controllers\EmployeeController->editEmp('1')
 7 SYSTEMPATH\CodeIgniter.php(480): CodeIgniter\CodeIgniter->runController(Object(App\Controllers\EmployeeController))
 8 SYSTEMPATH\CodeIgniter.php(349): CodeIgniter\CodeIgniter->handleRequest(null, Object(Config\Cache), false)
 9 FCPATH\index.php(67): CodeIgniter\CodeIgniter->run()
CRITICAL - 2023-01-31 03:26:06 --> Attempt to read property "name" on array
in APPPATH\Views\empedit_view.php on line 21.
 1 APPPATH\Views\empedit_view.php(21): CodeIgniter\Debug\Exceptions->errorHandler(2, 'Attempt to read property "name" on array', 'APPPATH\\Views\\empedit_view.php', 21)
 2 SYSTEMPATH\View\View.php(213): include('APPPATH\\Views\\empedit_view.php')
 3 SYSTEMPATH\View\View.php(216): CodeIgniter\View\View->CodeIgniter\View\{closure}()
 4 SYSTEMPATH\Common.php(1135): CodeIgniter\View\View->render('empedit_view', [], true)
 5 APPPATH\Controllers\EmployeeController.php(63): view('empedit_view', [...])
 6 SYSTEMPATH\CodeIgniter.php(925): App\Controllers\EmployeeController->editEmp('1')
 7 SYSTEMPATH\CodeIgniter.php(480): CodeIgniter\CodeIgniter->runController(Object(App\Controllers\EmployeeController))
 8 SYSTEMPATH\CodeIgniter.php(349): CodeIgniter\CodeIgniter->handleRequest(null, Object(Config\Cache), false)
 9 FCPATH\index.php(67): CodeIgniter\CodeIgniter->run()
CRITICAL - 2023-01-31 03:28:31 --> Illegal offset type
in APPPATH\Controllers\EmployeeController.php on line 63.
 1 SYSTEMPATH\CodeIgniter.php(925): App\Controllers\EmployeeController->editEmp('1')
 2 SYSTEMPATH\CodeIgniter.php(480): CodeIgniter\CodeIgniter->runController(Object(App\Controllers\EmployeeController))
 3 SYSTEMPATH\CodeIgniter.php(349): CodeIgniter\CodeIgniter->handleRequest(null, Object(Config\Cache), false)
 4 FCPATH\index.php(67): CodeIgniter\CodeIgniter->run()
CRITICAL - 2023-01-31 03:29:00 --> Illegal offset type
in APPPATH\Controllers\EmployeeController.php on line 63.
 1 SYSTEMPATH\CodeIgniter.php(925): App\Controllers\EmployeeController->editEmp('1')
 2 SYSTEMPATH\CodeIgniter.php(480): CodeIgniter\CodeIgniter->runController(Object(App\Controllers\EmployeeController))
 3 SYSTEMPATH\CodeIgniter.php(349): CodeIgniter\CodeIgniter->handleRequest(null, Object(Config\Cache), false)
 4 FCPATH\index.php(67): CodeIgniter\CodeIgniter->run()
CRITICAL - 2023-01-31 03:29:42 --> Undefined variable $data
in APPPATH\Views\empedit_view.php on line 21.
 1 APPPATH\Views\empedit_view.php(21): CodeIgniter\Debug\Exceptions->errorHandler(2, 'Undefined variable $data', 'APPPATH\\Views\\empedit_view.php', 21)
 2 SYSTEMPATH\View\View.php(213): include('APPPATH\\Views\\empedit_view.php')
 3 SYSTEMPATH\View\View.php(216): CodeIgniter\View\View->CodeIgniter\View\{closure}()
 4 SYSTEMPATH\Common.php(1135): CodeIgniter\View\View->render('empedit_view', [], true)
 5 APPPATH\Controllers\EmployeeController.php(63): view('empedit_view', [...])
 6 SYSTEMPATH\CodeIgniter.php(925): App\Controllers\EmployeeController->editEmp('1')
 7 SYSTEMPATH\CodeIgniter.php(480): CodeIgniter\CodeIgniter->runController(Object(App\Controllers\EmployeeController))
 8 SYSTEMPATH\CodeIgniter.php(349): CodeIgniter\CodeIgniter->handleRequest(null, Object(Config\Cache), false)
 9 FCPATH\index.php(67): CodeIgniter\CodeIgniter->run()
CRITICAL - 2023-01-31 03:30:41 --> Attempt to read property "name" on array
in APPPATH\Views\empedit_view.php on line 21.
 1 APPPATH\Views\empedit_view.php(21): CodeIgniter\Debug\Exceptions->errorHandler(2, 'Attempt to read property "name" on array', 'APPPATH\\Views\\empedit_view.php', 21)
 2 SYSTEMPATH\View\View.php(213): include('APPPATH\\Views\\empedit_view.php')
 3 SYSTEMPATH\View\View.php(216): CodeIgniter\View\View->CodeIgniter\View\{closure}()
 4 SYSTEMPATH\Common.php(1135): CodeIgniter\View\View->render('empedit_view', [], true)
 5 APPPATH\Controllers\EmployeeController.php(63): view('empedit_view', [...])
 6 SYSTEMPATH\CodeIgniter.php(925): App\Controllers\EmployeeController->editEmp('1')
 7 SYSTEMPATH\CodeIgniter.php(480): CodeIgniter\CodeIgniter->runController(Object(App\Controllers\EmployeeController))
 8 SYSTEMPATH\CodeIgniter.php(349): CodeIgniter\CodeIgniter->handleRequest(null, Object(Config\Cache), false)
 9 FCPATH\index.php(67): CodeIgniter\CodeIgniter->run()
CRITICAL - 2023-01-31 03:31:31 --> Undefined array key "name"
in APPPATH\Views\empedit_view.php on line 21.
 1 APPPATH\Views\empedit_view.php(21): CodeIgniter\Debug\Exceptions->errorHandler(2, 'Undefined array key "name"', 'APPPATH\\Views\\empedit_view.php', 21)
 2 SYSTEMPATH\View\View.php(213): include('APPPATH\\Views\\empedit_view.php')
 3 SYSTEMPATH\View\View.php(216): CodeIgniter\View\View->CodeIgniter\View\{closure}()
 4 SYSTEMPATH\Common.php(1135): CodeIgniter\View\View->render('empedit_view', [], true)
 5 APPPATH\Controllers\EmployeeController.php(63): view('empedit_view', [...])
 6 SYSTEMPATH\CodeIgniter.php(925): App\Controllers\EmployeeController->editEmp('1')
 7 SYSTEMPATH\CodeIgniter.php(480): CodeIgniter\CodeIgniter->runController(Object(App\Controllers\EmployeeController))
 8 SYSTEMPATH\CodeIgniter.php(349): CodeIgniter\CodeIgniter->handleRequest(null, Object(Config\Cache), false)
 9 FCPATH\index.php(67): CodeIgniter\CodeIgniter->run()
CRITICAL - 2023-01-31 03:33:35 --> Undefined array key "name"
in APPPATH\Views\empedit_view.php on line 21.
 1 APPPATH\Views\empedit_view.php(21): CodeIgniter\Debug\Exceptions->errorHandler(2, 'Undefined array key "name"', 'APPPATH\\Views\\empedit_view.php', 21)
 2 SYSTEMPATH\View\View.php(213): include('APPPATH\\Views\\empedit_view.php')
 3 SYSTEMPATH\View\View.php(216): CodeIgniter\View\View->CodeIgniter\View\{closure}()
 4 SYSTEMPATH\Common.php(1135): CodeIgniter\View\View->render('empedit_view', [], true)
 5 APPPATH\Controllers\EmployeeController.php(63): view('empedit_view', [...])
 6 SYSTEMPATH\CodeIgniter.php(925): App\Controllers\EmployeeController->editEmp('1')
 7 SYSTEMPATH\CodeIgniter.php(480): CodeIgniter\CodeIgniter->runController(Object(App\Controllers\EmployeeController))
 8 SYSTEMPATH\CodeIgniter.php(349): CodeIgniter\CodeIgniter->handleRequest(null, Object(Config\Cache), false)
 9 FCPATH\index.php(67): CodeIgniter\CodeIgniter->run()
CRITICAL - 2023-01-31 03:33:54 --> Undefined array key "name"
in APPPATH\Views\empedit_view.php on line 21.
 1 APPPATH\Views\empedit_view.php(21): CodeIgniter\Debug\Exceptions->errorHandler(2, 'Undefined array key "name"', 'APPPATH\\Views\\empedit_view.php', 21)
 2 SYSTEMPATH\View\View.php(213): include('APPPATH\\Views\\empedit_view.php')
 3 SYSTEMPATH\View\View.php(216): CodeIgniter\View\View->CodeIgniter\View\{closure}()
 4 SYSTEMPATH\Common.php(1135): CodeIgniter\View\View->render('empedit_view', [], true)
 5 APPPATH\Controllers\EmployeeController.php(63): view('empedit_view', [...])
 6 SYSTEMPATH\CodeIgniter.php(925): App\Controllers\EmployeeController->editEmp('1')
 7 SYSTEMPATH\CodeIgniter.php(480): CodeIgniter\CodeIgniter->runController(Object(App\Controllers\EmployeeController))
 8 SYSTEMPATH\CodeIgniter.php(349): CodeIgniter\CodeIgniter->handleRequest(null, Object(Config\Cache), false)
 9 FCPATH\index.php(67): CodeIgniter\CodeIgniter->run()
CRITICAL - 2023-01-31 03:35:17 --> Undefined array key "name"
in APPPATH\Views\empedit_view.php on line 21.
 1 APPPATH\Views\empedit_view.php(21): CodeIgniter\Debug\Exceptions->errorHandler(2, 'Undefined array key "name"', 'APPPATH\\Views\\empedit_view.php', 21)
 2 SYSTEMPATH\View\View.php(213): include('APPPATH\\Views\\empedit_view.php')
 3 SYSTEMPATH\View\View.php(216): CodeIgniter\View\View->CodeIgniter\View\{closure}()
 4 SYSTEMPATH\Common.php(1135): CodeIgniter\View\View->render('empedit_view', [], true)
 5 APPPATH\Controllers\EmployeeController.php(63): view('empedit_view', [...])
 6 SYSTEMPATH\CodeIgniter.php(925): App\Controllers\EmployeeController->editEmp('1')
 7 SYSTEMPATH\CodeIgniter.php(480): CodeIgniter\CodeIgniter->runController(Object(App\Controllers\EmployeeController))
 8 SYSTEMPATH\CodeIgniter.php(349): CodeIgniter\CodeIgniter->handleRequest(null, Object(Config\Cache), false)
 9 FCPATH\index.php(67): CodeIgniter\CodeIgniter->run()
CRITICAL - 2023-01-31 03:47:39 --> Attempt to read property "id" on array
in APPPATH\Views\emp_view.php on line 20.
 1 APPPATH\Views\emp_view.php(20): CodeIgniter\Debug\Exceptions->errorHandler(2, 'Attempt to read property "id" on array', 'APPPATH\\Views\\emp_view.php', 20)
 2 SYSTEMPATH\View\View.php(213): include('APPPATH\\Views\\emp_view.php')
 3 SYSTEMPATH\View\View.php(216): CodeIgniter\View\View->CodeIgniter\View\{closure}()
 4 SYSTEMPATH\Common.php(1135): CodeIgniter\View\View->render('emp_view', [], true)
 5 APPPATH\Controllers\EmployeeController.php(39): view('emp_view', [...])
 6 SYSTEMPATH\CodeIgniter.php(925): App\Controllers\EmployeeController->viewEmp()
 7 SYSTEMPATH\CodeIgniter.php(480): CodeIgniter\CodeIgniter->runController(Object(App\Controllers\EmployeeController))
 8 SYSTEMPATH\CodeIgniter.php(349): CodeIgniter\CodeIgniter->handleRequest(null, Object(Config\Cache), false)
 9 FCPATH\index.php(67): CodeIgniter\CodeIgniter->run()
CRITICAL - 2023-01-31 03:52:50 --> Cannot use object of type stdClass as array
in APPPATH\Views\empedit_view.php on line 21.
 1 SYSTEMPATH\View\View.php(213): include()
 2 SYSTEMPATH\View\View.php(216): CodeIgniter\View\View->CodeIgniter\View\{closure}()
 3 SYSTEMPATH\Common.php(1135): CodeIgniter\View\View->render('empedit_view', [], true)
 4 APPPATH\Controllers\EmployeeController.php(65): view('empedit_view', [...])
 5 SYSTEMPATH\CodeIgniter.php(925): App\Controllers\EmployeeController->editEmp('1')
 6 SYSTEMPATH\CodeIgniter.php(480): CodeIgniter\CodeIgniter->runController(Object(App\Controllers\EmployeeController))
 7 SYSTEMPATH\CodeIgniter.php(349): CodeIgniter\CodeIgniter->handleRequest(null, Object(Config\Cache), false)
 8 FCPATH\index.php(67): CodeIgniter\CodeIgniter->run()
CRITICAL - 2023-01-31 03:58:56 --> Undefined variable $page_session
in APPPATH\Views\emp_view.php on line 8.
 1 APPPATH\Views\emp_view.php(8): CodeIgniter\Debug\Exceptions->errorHandler(2, 'Undefined variable $page_session', 'APPPATH\\Views\\emp_view.php', 8)
 2 SYSTEMPATH\View\View.php(213): include('APPPATH\\Views\\emp_view.php')
 3 SYSTEMPATH\View\View.php(216): CodeIgniter\View\View->CodeIgniter\View\{closure}()
 4 SYSTEMPATH\Common.php(1135): CodeIgniter\View\View->render('emp_view', [], true)
 5 APPPATH\Controllers\EmployeeController.php(39): view('emp_view', [...])
 6 SYSTEMPATH\CodeIgniter.php(925): App\Controllers\EmployeeController->viewEmp()
 7 SYSTEMPATH\CodeIgniter.php(480): CodeIgniter\CodeIgniter->runController(Object(App\Controllers\EmployeeController))
 8 SYSTEMPATH\CodeIgniter.php(349): CodeIgniter\CodeIgniter->handleRequest(null, Object(Config\Cache), false)
 9 FCPATH\index.php(67): CodeIgniter\CodeIgniter->run()
