ERROR - 2023-05-02 02:03:15 --> mysqli_sql_exception: Table 'forms.register' doesn't exist in C:\wamp64\www\university\system\Database\MySQLi\Connection.php:292
Stack trace:
#0 C:\wamp64\www\university\system\Database\MySQLi\Connection.php(292): mysqli->query('SELECT `uniId`,...', 0)
#1 C:\wamp64\www\university\system\Database\BaseConnection.php(666): CodeIgniter\Database\MySQLi\Connection->execute('SELECT `uniId`,...')
#2 C:\wamp64\www\university\system\Database\BaseConnection.php(593): CodeIgniter\Database\BaseConnection->simpleQuery('SELECT `uniId`,...')
#3 C:\wamp64\www\university\system\Database\BaseBuilder.php(1585): CodeIgniter\Database\BaseConnection->query('SELECT `uniId`,...', Array, false)
#4 C:\wamp64\www\university\app\Models\LoginModel.php(23): CodeIgniter\Database\BaseBuilder->get()
#5 C:\wamp64\www\university\app\Controllers\University.php(183): App\Models\LoginModel->verifyEmail('root@gmail.com')
#6 C:\wamp64\www\university\system\CodeIgniter.php(925): App\Controllers\University->login()
#7 C:\wamp64\www\university\system\CodeIgniter.php(480): CodeIgniter\CodeIgniter->runController(Object(App\Controllers\University))
#8 C:\wamp64\www\university\system\CodeIgniter.php(349): CodeIgniter\CodeIgniter->handleRequest(NULL, Object(Config\Cache), false)
#9 C:\wamp64\www\university\public\index.php(67): CodeIgniter\CodeIgniter->run()
#10 {main}
CRITICAL - 2023-05-02 02:03:15 --> Table 'forms.register' doesn't exist
in SYSTEMPATH\Database\MySQLi\Connection.php on line 292.
 1 SYSTEMPATH\Database\MySQLi\Connection.php(292): mysqli->query('SELECT `uniId`, `status`, `userName`, `userPassword`
FROM `register`
WHERE `email` = \'root@gmail.com\'', 0)
 2 SYSTEMPATH\Database\BaseConnection.php(666): CodeIgniter\Database\MySQLi\Connection->execute('SELECT `uniId`, `status`, `userName`, `userPassword`
FROM `register`
WHERE `email` = \'root@gmail.com\'')
 3 SYSTEMPATH\Database\BaseConnection.php(593): CodeIgniter\Database\BaseConnection->simpleQuery('SELECT `uniId`, `status`, `userName`, `userPassword`
FROM `register`
WHERE `email` = \'root@gmail.com\'')
 4 SYSTEMPATH\Database\BaseBuilder.php(1585): CodeIgniter\Database\BaseConnection->query('SELECT `uniId`, `status`, `userName`, `userPassword`
FROM `register`
WHERE `email` = :email:', [...], false)
 5 APPPATH\Models\LoginModel.php(23): CodeIgniter\Database\BaseBuilder->get()
 6 APPPATH\Controllers\University.php(183): App\Models\LoginModel->verifyEmail('root@gmail.com')
 7 SYSTEMPATH\CodeIgniter.php(925): App\Controllers\University->login()
 8 SYSTEMPATH\CodeIgniter.php(480): CodeIgniter\CodeIgniter->runController(Object(App\Controllers\University))
 9 SYSTEMPATH\CodeIgniter.php(349): CodeIgniter\CodeIgniter->handleRequest(null, Object(Config\Cache), false)
10 FCPATH\index.php(67): CodeIgniter\CodeIgniter->run()
ERROR - 2023-05-02 02:04:26 --> mysqli_sql_exception: Table 'forms.register' doesn't exist in C:\wamp64\www\university\system\Database\MySQLi\Connection.php:292
Stack trace:
#0 C:\wamp64\www\university\system\Database\MySQLi\Connection.php(292): mysqli->query('SELECT 1\nFROM `...', 0)
#1 C:\wamp64\www\university\system\Database\BaseConnection.php(666): CodeIgniter\Database\MySQLi\Connection->execute('SELECT 1\nFROM `...')
#2 C:\wamp64\www\university\system\Database\BaseConnection.php(593): CodeIgniter\Database\BaseConnection->simpleQuery('SELECT 1\nFROM `...')
#3 C:\wamp64\www\university\system\Database\BaseBuilder.php(1585): CodeIgniter\Database\BaseConnection->query('SELECT 1\nFROM `...', Array, false)
#4 C:\wamp64\www\university\system\Validation\Rules.php(142): CodeIgniter\Database\BaseBuilder->get()
#5 C:\wamp64\www\university\system\Validation\Validation.php(315): CodeIgniter\Validation\Rules->is_unique('123455@gmail.co...', 'email', Array, NULL, 'email')
#6 C:\wamp64\www\university\system\Validation\Validation.php(175): CodeIgniter\Validation\Validation->processRules('email', 'email', '123455@gmail.co...', Array, Array)
#7 C:\wamp64\www\university\system\Controller.php(140): CodeIgniter\Validation\Validation->run()
#8 C:\wamp64\www\university\app\Controllers\University.php(67): CodeIgniter\Controller->validate(Array)
#9 C:\wamp64\www\university\system\CodeIgniter.php(925): App\Controllers\University->register()
#10 C:\wamp64\www\university\system\CodeIgniter.php(480): CodeIgniter\CodeIgniter->runController(Object(App\Controllers\University))
#11 C:\wamp64\www\university\system\CodeIgniter.php(349): CodeIgniter\CodeIgniter->handleRequest(NULL, Object(Config\Cache), false)
#12 C:\wamp64\www\university\public\index.php(67): CodeIgniter\CodeIgniter->run()
#13 {main}
CRITICAL - 2023-05-02 02:04:26 --> Table 'forms.register' doesn't exist
in SYSTEMPATH\Database\MySQLi\Connection.php on line 292.
 1 SYSTEMPATH\Database\MySQLi\Connection.php(292): mysqli->query('SELECT 1
FROM `register`
WHERE `email` = \'123455@gmail.com\'
 LIMIT 1', 0)
 2 SYSTEMPATH\Database\BaseConnection.php(666): CodeIgniter\Database\MySQLi\Connection->execute('SELECT 1
FROM `register`
WHERE `email` = \'123455@gmail.com\'
 LIMIT 1')
 3 SYSTEMPATH\Database\BaseConnection.php(593): CodeIgniter\Database\BaseConnection->simpleQuery('SELECT 1
FROM `register`
WHERE `email` = \'123455@gmail.com\'
 LIMIT 1')
 4 SYSTEMPATH\Database\BaseBuilder.php(1585): CodeIgniter\Database\BaseConnection->query('SELECT 1
FROM `register`
WHERE `email` = :email:
 LIMIT 1', [...], false)
 5 SYSTEMPATH\Validation\Rules.php(142): CodeIgniter\Database\BaseBuilder->get()
 6 SYSTEMPATH\Validation\Validation.php(315): CodeIgniter\Validation\Rules->is_unique('123455@gmail.com', 'email', [...], null, 'email')
 7 SYSTEMPATH\Validation\Validation.php(175): CodeIgniter\Validation\Validation->processRules('email', 'email', '123455@gmail.com', [...], [...])
 8 SYSTEMPATH\Controller.php(140): CodeIgniter\Validation\Validation->run()
 9 APPPATH\Controllers\University.php(67): CodeIgniter\Controller->validate([...])
10 SYSTEMPATH\CodeIgniter.php(925): App\Controllers\University->register()
11 SYSTEMPATH\CodeIgniter.php(480): CodeIgniter\CodeIgniter->runController(Object(App\Controllers\University))
12 SYSTEMPATH\CodeIgniter.php(349): CodeIgniter\CodeIgniter->handleRequest(null, Object(Config\Cache), false)
13 FCPATH\index.php(67): CodeIgniter\CodeIgniter->run()
ERROR - 2023-05-02 02:18:48 --> mysqli_sql_exception: Table 'forms.register' doesn't exist in C:\wamp64\www\university\system\Database\MySQLi\Connection.php:292
Stack trace:
#0 C:\wamp64\www\university\system\Database\MySQLi\Connection.php(292): mysqli->query('SELECT 1\nFROM `...', 0)
#1 C:\wamp64\www\university\system\Database\BaseConnection.php(666): CodeIgniter\Database\MySQLi\Connection->execute('SELECT 1\nFROM `...')
#2 C:\wamp64\www\university\system\Database\BaseConnection.php(593): CodeIgniter\Database\BaseConnection->simpleQuery('SELECT 1\nFROM `...')
#3 C:\wamp64\www\university\system\Database\BaseBuilder.php(1585): CodeIgniter\Database\BaseConnection->query('SELECT 1\nFROM `...', Array, false)
#4 C:\wamp64\www\university\system\Validation\Rules.php(142): CodeIgniter\Database\BaseBuilder->get()
#5 C:\wamp64\www\university\system\Validation\Validation.php(315): CodeIgniter\Validation\Rules->is_unique('root@gmail.com', 'email', Array, NULL, 'email')
#6 C:\wamp64\www\university\system\Validation\Validation.php(175): CodeIgniter\Validation\Validation->processRules('email', 'email', 'root@gmail.com', Array, Array)
#7 C:\wamp64\www\university\system\Controller.php(140): CodeIgniter\Validation\Validation->run()
#8 C:\wamp64\www\university\app\Controllers\University.php(67): CodeIgniter\Controller->validate(Array)
#9 C:\wamp64\www\university\system\CodeIgniter.php(925): App\Controllers\University->register()
#10 C:\wamp64\www\university\system\CodeIgniter.php(480): CodeIgniter\CodeIgniter->runController(Object(App\Controllers\University))
#11 C:\wamp64\www\university\system\CodeIgniter.php(349): CodeIgniter\CodeIgniter->handleRequest(NULL, Object(Config\Cache), false)
#12 C:\wamp64\www\university\public\index.php(67): CodeIgniter\CodeIgniter->run()
#13 {main}
CRITICAL - 2023-05-02 02:18:48 --> Table 'forms.register' doesn't exist
in SYSTEMPATH\Database\MySQLi\Connection.php on line 292.
 1 SYSTEMPATH\Database\MySQLi\Connection.php(292): mysqli->query('SELECT 1
FROM `register`
WHERE `email` = \'root@gmail.com\'
 LIMIT 1', 0)
 2 SYSTEMPATH\Database\BaseConnection.php(666): CodeIgniter\Database\MySQLi\Connection->execute('SELECT 1
FROM `register`
WHERE `email` = \'root@gmail.com\'
 LIMIT 1')
 3 SYSTEMPATH\Database\BaseConnection.php(593): CodeIgniter\Database\BaseConnection->simpleQuery('SELECT 1
FROM `register`
WHERE `email` = \'root@gmail.com\'
 LIMIT 1')
 4 SYSTEMPATH\Database\BaseBuilder.php(1585): CodeIgniter\Database\BaseConnection->query('SELECT 1
FROM `register`
WHERE `email` = :email:
 LIMIT 1', [...], false)
 5 SYSTEMPATH\Validation\Rules.php(142): CodeIgniter\Database\BaseBuilder->get()
 6 SYSTEMPATH\Validation\Validation.php(315): CodeIgniter\Validation\Rules->is_unique('root@gmail.com', 'email', [...], null, 'email')
 7 SYSTEMPATH\Validation\Validation.php(175): CodeIgniter\Validation\Validation->processRules('email', 'email', 'root@gmail.com', [...], [...])
 8 SYSTEMPATH\Controller.php(140): CodeIgniter\Validation\Validation->run()
 9 APPPATH\Controllers\University.php(67): CodeIgniter\Controller->validate([...])
10 SYSTEMPATH\CodeIgniter.php(925): App\Controllers\University->register()
11 SYSTEMPATH\CodeIgniter.php(480): CodeIgniter\CodeIgniter->runController(Object(App\Controllers\University))
12 SYSTEMPATH\CodeIgniter.php(349): CodeIgniter\CodeIgniter->handleRequest(null, Object(Config\Cache), false)
13 FCPATH\index.php(67): CodeIgniter\CodeIgniter->run()
ERROR - 2023-05-02 02:19:39 --> Email: sendWithSmtp throwed ErrorException: fsockopen(): php_network_getaddresses: getaddrinfo for smtp.gmail.com failed: No such host is known.  in C:\wamp64\www\university\system\Email\Email.php:1864
Stack trace:
#0 [internal function]: CodeIgniter\Debug\Exceptions->errorHandler(2, 'fsockopen(): ph...', 'C:\\wamp64\\www\\u...', 1864)
#1 C:\wamp64\www\university\system\Email\Email.php(1864): fsockopen('tls://smtp.gmai...', 465, NULL, NULL, 60)
#2 C:\wamp64\www\university\system\Email\Email.php(1778): CodeIgniter\Email\Email->SMTPConnect()
#3 C:\wamp64\www\university\system\Email\Email.php(1663): CodeIgniter\Email\Email->sendWithSmtp()
#4 C:\wamp64\www\university\system\Email\Email.php(1561): CodeIgniter\Email\Email->spoolEmail()
#5 C:\wamp64\www\university\app\Controllers\University.php(92): CodeIgniter\Email\Email->send()
#6 C:\wamp64\www\university\system\CodeIgniter.php(925): App\Controllers\University->register()
#7 C:\wamp64\www\university\system\CodeIgniter.php(480): CodeIgniter\CodeIgniter->runController(Object(App\Controllers\University))
#8 C:\wamp64\www\university\system\CodeIgniter.php(349): CodeIgniter\CodeIgniter->handleRequest(NULL, Object(Config\Cache), false)
#9 C:\wamp64\www\university\public\index.php(67): CodeIgniter\CodeIgniter->run()
#10 {main}
ERROR - 2023-05-02 02:19:39 --> Email: Unable to send email using SMTP. Your server might not be configured to send mail using this method.
ERROR - 2023-05-02 02:19:39 --> 
