ERROR - 2023-02-02 12:14:30 --> Error connecting to the database: mysqli_sql_exception: No connection could be made because the target machine actively refused it in C:\wamp64\www\university\system\Database\MySQLi\Connection.php:171
Stack trace:
#0 C:\wamp64\www\university\system\Database\MySQLi\Connection.php(171): mysqli->real_connect('localhost', 'root', 'root', '', 3306, '', 0)
#1 C:\wamp64\www\university\system\Database\BaseConnection.php(382): CodeIgniter\Database\MySQLi\Connection->connect(false)
#2 C:\wamp64\www\university\system\Database\Database.php(67): CodeIgniter\Database\BaseConnection->initialize()
#3 C:\wamp64\www\university\system\Database\Config.php(109): CodeIgniter\Database\Database->loadForge(Object(CodeIgniter\Database\MySQLi\Connection))
#4 C:\wamp64\www\university\system\Commands\Database\CreateDatabase.php(137): CodeIgniter\Database\Config::forge()
#5 C:\wamp64\www\university\system\CLI\Commands.php(63): CodeIgniter\Commands\Database\CreateDatabase->run(Array)
#6 C:\wamp64\www\university\system\CLI\CommandRunner.php(65): CodeIgniter\CLI\Commands->run('db:create', Array)
#7 C:\wamp64\www\university\system\CLI\CommandRunner.php(51): CodeIgniter\CLI\CommandRunner->index(Array)
#8 C:\wamp64\www\university\system\CodeIgniter.php(918): CodeIgniter\CLI\CommandRunner->_remap('index', Array)
#9 C:\wamp64\www\university\system\CodeIgniter.php(480): CodeIgniter\CodeIgniter->runController(Object(CodeIgniter\CLI\CommandRunner))
#10 C:\wamp64\www\university\system\CodeIgniter.php(345): CodeIgniter\CodeIgniter->handleRequest(NULL, Object(Config\Cache), false)
#11 C:\wamp64\www\university\system\CLI\Console.php(48): CodeIgniter\CodeIgniter->run()
#12 C:\wamp64\www\university\spark(98): CodeIgniter\CLI\Console->run()
#13 {main}

Next CodeIgniter\Database\Exceptions\DatabaseException: No connection could be made because the target machine actively refused it in C:\wamp64\www\university\system\Database\MySQLi\Connection.php:215
Stack trace:
#0 C:\wamp64\www\university\system\Database\BaseConnection.php(382): CodeIgniter\Database\MySQLi\Connection->connect(false)
#1 C:\wamp64\www\university\system\Database\Database.php(67): CodeIgniter\Database\BaseConnection->initialize()
#2 C:\wamp64\www\university\system\Database\Config.php(109): CodeIgniter\Database\Database->loadForge(Object(CodeIgniter\Database\MySQLi\Connection))
#3 C:\wamp64\www\university\system\Commands\Database\CreateDatabase.php(137): CodeIgniter\Database\Config::forge()
#4 C:\wamp64\www\university\system\CLI\Commands.php(63): CodeIgniter\Commands\Database\CreateDatabase->run(Array)
#5 C:\wamp64\www\university\system\CLI\CommandRunner.php(65): CodeIgniter\CLI\Commands->run('db:create', Array)
#6 C:\wamp64\www\university\system\CLI\CommandRunner.php(51): CodeIgniter\CLI\CommandRunner->index(Array)
#7 C:\wamp64\www\university\system\CodeIgniter.php(918): CodeIgniter\CLI\CommandRunner->_remap('index', Array)
#8 C:\wamp64\www\university\system\CodeIgniter.php(480): CodeIgniter\CodeIgniter->runController(Object(CodeIgniter\CLI\CommandRunner))
#9 C:\wamp64\www\university\system\CodeIgniter.php(345): CodeIgniter\CodeIgniter->handleRequest(NULL, Object(Config\Cache), false)
#10 C:\wamp64\www\university\system\CLI\Console.php(48): CodeIgniter\CodeIgniter->run()
#11 C:\wamp64\www\university\spark(98): CodeIgniter\CLI\Console->run()
#12 {main}
