ERROR - 2023-01-13 01:16:15 --> Email: sendWithSmtp throwed ErrorException: fsockopen(): php_network_getaddresses: getaddrinfo for smtp.gmail.com failed: No such host is known.  in C:\wamp64\www\university\system\Email\Email.php:1864
Stack trace:
#0 [internal function]: CodeIgniter\Debug\Exceptions->errorHandler(2, 'fsockopen(): ph...', 'C:\\wamp64\\www\\u...', 1864)
#1 C:\wamp64\www\university\system\Email\Email.php(1864): fsockopen('tls://smtp.gmai...', 465, NULL, NULL, 60)
#2 C:\wamp64\www\university\system\Email\Email.php(1778): CodeIgniter\Email\Email->SMTPConnect()
#3 C:\wamp64\www\university\system\Email\Email.php(1663): CodeIgniter\Email\Email->sendWithSmtp()
#4 C:\wamp64\www\university\system\Email\Email.php(1561): CodeIgniter\Email\Email->spoolEmail()
#5 C:\wamp64\www\university\app\Controllers\University.php(87): CodeIgniter\Email\Email->send()
#6 C:\wamp64\www\university\system\CodeIgniter.php(925): App\Controllers\University->register()
#7 C:\wamp64\www\university\system\CodeIgniter.php(480): CodeIgniter\CodeIgniter->runController(Object(App\Controllers\University))
#8 C:\wamp64\www\university\system\CodeIgniter.php(349): CodeIgniter\CodeIgniter->handleRequest(NULL, Object(Config\Cache), false)
#9 C:\wamp64\www\university\public\index.php(67): CodeIgniter\CodeIgniter->run()
#10 {main}
ERROR - 2023-01-13 01:16:15 --> Email: Unable to send email using SMTP. Your server might not be configured to send mail using this method.
ERROR - 2023-01-13 01:16:15 --> 
CRITICAL - 2023-01-13 01:16:15 --> Undefined variable $validation
in APPPATH\Views\register.php on line 17.
 1 APPPATH\Views\register.php(17): CodeIgniter\Debug\Exceptions->errorHandler(2, 'Undefined variable $validation', 'APPPATH\\Views\\register.php', 17)
 2 APPPATH\Views\activation.php(1): include('APPPATH\\Views\\register.php')
 3 SYSTEMPATH\View\View.php(213): include('APPPATH\\Views\\activation.php')
 4 SYSTEMPATH\View\View.php(216): CodeIgniter\View\View->CodeIgniter\View\{closure}()
 5 SYSTEMPATH\Common.php(1135): CodeIgniter\View\View->render('activation', [], true)
 6 APPPATH\Controllers\University.php(96): view('activation', [...])
 7 SYSTEMPATH\CodeIgniter.php(925): App\Controllers\University->register()
 8 SYSTEMPATH\CodeIgniter.php(480): CodeIgniter\CodeIgniter->runController(Object(App\Controllers\University))
 9 SYSTEMPATH\CodeIgniter.php(349): CodeIgniter\CodeIgniter->handleRequest(null, Object(Config\Cache), false)
10 FCPATH\index.php(67): CodeIgniter\CodeIgniter->run()
ERROR - 2023-01-13 01:19:10 --> Email: sendWithSmtp throwed ErrorException: fsockopen(): php_network_getaddresses: getaddrinfo for smtp.gmail.com failed: No such host is known.  in C:\wamp64\www\university\system\Email\Email.php:1864
Stack trace:
#0 [internal function]: CodeIgniter\Debug\Exceptions->errorHandler(2, 'fsockopen(): ph...', 'C:\\wamp64\\www\\u...', 1864)
#1 C:\wamp64\www\university\system\Email\Email.php(1864): fsockopen('tls://smtp.gmai...', 465, NULL, NULL, 60)
#2 C:\wamp64\www\university\system\Email\Email.php(1778): CodeIgniter\Email\Email->SMTPConnect()
#3 C:\wamp64\www\university\system\Email\Email.php(1663): CodeIgniter\Email\Email->sendWithSmtp()
#4 C:\wamp64\www\university\system\Email\Email.php(1561): CodeIgniter\Email\Email->spoolEmail()
#5 C:\wamp64\www\university\app\Controllers\University.php(87): CodeIgniter\Email\Email->send()
#6 C:\wamp64\www\university\system\CodeIgniter.php(925): App\Controllers\University->register()
#7 C:\wamp64\www\university\system\CodeIgniter.php(480): CodeIgniter\CodeIgniter->runController(Object(App\Controllers\University))
#8 C:\wamp64\www\university\system\CodeIgniter.php(349): CodeIgniter\CodeIgniter->handleRequest(NULL, Object(Config\Cache), false)
#9 C:\wamp64\www\university\public\index.php(67): CodeIgniter\CodeIgniter->run()
#10 {main}
ERROR - 2023-01-13 01:19:10 --> Email: Unable to send email using SMTP. Your server might not be configured to send mail using this method.
ERROR - 2023-01-13 01:19:10 --> 
ERROR - 2023-01-13 01:22:22 --> Email: sendWithSmtp throwed ErrorException: fsockopen(): php_network_getaddresses: getaddrinfo for smtp.gmail.com failed: No such host is known.  in C:\wamp64\www\university\system\Email\Email.php:1864
Stack trace:
#0 [internal function]: CodeIgniter\Debug\Exceptions->errorHandler(2, 'fsockopen(): ph...', 'C:\\wamp64\\www\\u...', 1864)
#1 C:\wamp64\www\university\system\Email\Email.php(1864): fsockopen('tls://smtp.gmai...', 465, NULL, NULL, 60)
#2 C:\wamp64\www\university\system\Email\Email.php(1778): CodeIgniter\Email\Email->SMTPConnect()
#3 C:\wamp64\www\university\system\Email\Email.php(1663): CodeIgniter\Email\Email->sendWithSmtp()
#4 C:\wamp64\www\university\system\Email\Email.php(1561): CodeIgniter\Email\Email->spoolEmail()
#5 C:\wamp64\www\university\app\Controllers\University.php(87): CodeIgniter\Email\Email->send()
#6 C:\wamp64\www\university\system\CodeIgniter.php(925): App\Controllers\University->register()
#7 C:\wamp64\www\university\system\CodeIgniter.php(480): CodeIgniter\CodeIgniter->runController(Object(App\Controllers\University))
#8 C:\wamp64\www\university\system\CodeIgniter.php(349): CodeIgniter\CodeIgniter->handleRequest(NULL, Object(Config\Cache), false)
#9 C:\wamp64\www\university\public\index.php(67): CodeIgniter\CodeIgniter->run()
#10 {main}
ERROR - 2023-01-13 01:22:22 --> Email: Unable to send email using SMTP. Your server might not be configured to send mail using this method.
ERROR - 2023-01-13 01:22:22 --> 
CRITICAL - 2023-01-13 01:22:22 --> Undefined variable $validation
in APPPATH\Views\register.php on line 17.
 1 APPPATH\Views\register.php(17): CodeIgniter\Debug\Exceptions->errorHandler(2, 'Undefined variable $validation', 'APPPATH\\Views\\register.php', 17)
 2 SYSTEMPATH\View\View.php(213): include('APPPATH\\Views\\register.php')
 3 SYSTEMPATH\View\View.php(216): CodeIgniter\View\View->CodeIgniter\View\{closure}()
 4 SYSTEMPATH\Common.php(1135): CodeIgniter\View\View->render('register', [], true)
 5 APPPATH\Controllers\University.php(96): view('register', [...])
 6 SYSTEMPATH\CodeIgniter.php(925): App\Controllers\University->register()
 7 SYSTEMPATH\CodeIgniter.php(480): CodeIgniter\CodeIgniter->runController(Object(App\Controllers\University))
 8 SYSTEMPATH\CodeIgniter.php(349): CodeIgniter\CodeIgniter->handleRequest(null, Object(Config\Cache), false)
 9 FCPATH\index.php(67): CodeIgniter\CodeIgniter->run()
ERROR - 2023-01-13 01:23:48 --> Email: sendWithSmtp throwed ErrorException: fsockopen(): php_network_getaddresses: getaddrinfo for smtp.gmail.com failed: No such host is known.  in C:\wamp64\www\university\system\Email\Email.php:1864
Stack trace:
#0 [internal function]: CodeIgniter\Debug\Exceptions->errorHandler(2, 'fsockopen(): ph...', 'C:\\wamp64\\www\\u...', 1864)
#1 C:\wamp64\www\university\system\Email\Email.php(1864): fsockopen('tls://smtp.gmai...', 465, NULL, NULL, 60)
#2 C:\wamp64\www\university\system\Email\Email.php(1778): CodeIgniter\Email\Email->SMTPConnect()
#3 C:\wamp64\www\university\system\Email\Email.php(1663): CodeIgniter\Email\Email->sendWithSmtp()
#4 C:\wamp64\www\university\system\Email\Email.php(1561): CodeIgniter\Email\Email->spoolEmail()
#5 C:\wamp64\www\university\app\Controllers\University.php(88): CodeIgniter\Email\Email->send()
#6 C:\wamp64\www\university\system\CodeIgniter.php(925): App\Controllers\University->register()
#7 C:\wamp64\www\university\system\CodeIgniter.php(480): CodeIgniter\CodeIgniter->runController(Object(App\Controllers\University))
#8 C:\wamp64\www\university\system\CodeIgniter.php(349): CodeIgniter\CodeIgniter->handleRequest(NULL, Object(Config\Cache), false)
#9 C:\wamp64\www\university\public\index.php(67): CodeIgniter\CodeIgniter->run()
#10 {main}
ERROR - 2023-01-13 01:23:48 --> Email: Unable to send email using SMTP. Your server might not be configured to send mail using this method.
ERROR - 2023-01-13 01:23:48 --> 
CRITICAL - 2023-01-13 01:23:48 --> Undefined variable $validation
in APPPATH\Views\register.php on line 17.
 1 APPPATH\Views\register.php(17): CodeIgniter\Debug\Exceptions->errorHandler(2, 'Undefined variable $validation', 'APPPATH\\Views\\register.php', 17)
 2 SYSTEMPATH\View\View.php(213): include('APPPATH\\Views\\register.php')
 3 SYSTEMPATH\View\View.php(216): CodeIgniter\View\View->CodeIgniter\View\{closure}()
 4 SYSTEMPATH\Common.php(1135): CodeIgniter\View\View->render('register', [], true)
 5 APPPATH\Controllers\University.php(97): view('register', [...])
 6 SYSTEMPATH\CodeIgniter.php(925): App\Controllers\University->register()
 7 SYSTEMPATH\CodeIgniter.php(480): CodeIgniter\CodeIgniter->runController(Object(App\Controllers\University))
 8 SYSTEMPATH\CodeIgniter.php(349): CodeIgniter\CodeIgniter->handleRequest(null, Object(Config\Cache), false)
 9 FCPATH\index.php(67): CodeIgniter\CodeIgniter->run()
ERROR - 2023-01-13 01:25:19 --> Email: sendWithSmtp throwed ErrorException: fsockopen(): php_network_getaddresses: getaddrinfo for smtp.gmail.com failed: No such host is known.  in C:\wamp64\www\university\system\Email\Email.php:1864
Stack trace:
#0 [internal function]: CodeIgniter\Debug\Exceptions->errorHandler(2, 'fsockopen(): ph...', 'C:\\wamp64\\www\\u...', 1864)
#1 C:\wamp64\www\university\system\Email\Email.php(1864): fsockopen('tls://smtp.gmai...', 465, NULL, NULL, 60)
#2 C:\wamp64\www\university\system\Email\Email.php(1778): CodeIgniter\Email\Email->SMTPConnect()
#3 C:\wamp64\www\university\system\Email\Email.php(1663): CodeIgniter\Email\Email->sendWithSmtp()
#4 C:\wamp64\www\university\system\Email\Email.php(1561): CodeIgniter\Email\Email->spoolEmail()
#5 C:\wamp64\www\university\app\Controllers\University.php(87): CodeIgniter\Email\Email->send()
#6 C:\wamp64\www\university\system\CodeIgniter.php(925): App\Controllers\University->register()
#7 C:\wamp64\www\university\system\CodeIgniter.php(480): CodeIgniter\CodeIgniter->runController(Object(App\Controllers\University))
#8 C:\wamp64\www\university\system\CodeIgniter.php(349): CodeIgniter\CodeIgniter->handleRequest(NULL, Object(Config\Cache), false)
#9 C:\wamp64\www\university\public\index.php(67): CodeIgniter\CodeIgniter->run()
#10 {main}
ERROR - 2023-01-13 01:25:19 --> Email: Unable to send email using SMTP. Your server might not be configured to send mail using this method.
ERROR - 2023-01-13 01:25:19 --> 
CRITICAL - 2023-01-13 01:25:19 --> Undefined variable $validation
in APPPATH\Views\register.php on line 17.
 1 APPPATH\Views\register.php(17): CodeIgniter\Debug\Exceptions->errorHandler(2, 'Undefined variable $validation', 'APPPATH\\Views\\register.php', 17)
 2 SYSTEMPATH\View\View.php(213): include('APPPATH\\Views\\register.php')
 3 SYSTEMPATH\View\View.php(216): CodeIgniter\View\View->CodeIgniter\View\{closure}()
 4 SYSTEMPATH\Common.php(1135): CodeIgniter\View\View->render('register', [], true)
 5 APPPATH\Controllers\University.php(96): view('register', [...])
 6 SYSTEMPATH\CodeIgniter.php(925): App\Controllers\University->register()
 7 SYSTEMPATH\CodeIgniter.php(480): CodeIgniter\CodeIgniter->runController(Object(App\Controllers\University))
 8 SYSTEMPATH\CodeIgniter.php(349): CodeIgniter\CodeIgniter->handleRequest(null, Object(Config\Cache), false)
 9 FCPATH\index.php(67): CodeIgniter\CodeIgniter->run()
ERROR - 2023-01-13 01:26:15 --> Email: sendWithSmtp throwed ErrorException: fsockopen(): php_network_getaddresses: getaddrinfo for smtp.gmail.com failed: No such host is known.  in C:\wamp64\www\university\system\Email\Email.php:1864
Stack trace:
#0 [internal function]: CodeIgniter\Debug\Exceptions->errorHandler(2, 'fsockopen(): ph...', 'C:\\wamp64\\www\\u...', 1864)
#1 C:\wamp64\www\university\system\Email\Email.php(1864): fsockopen('tls://smtp.gmai...', 465, NULL, NULL, 60)
#2 C:\wamp64\www\university\system\Email\Email.php(1778): CodeIgniter\Email\Email->SMTPConnect()
#3 C:\wamp64\www\university\system\Email\Email.php(1663): CodeIgniter\Email\Email->sendWithSmtp()
#4 C:\wamp64\www\university\system\Email\Email.php(1561): CodeIgniter\Email\Email->spoolEmail()
#5 C:\wamp64\www\university\app\Controllers\University.php(87): CodeIgniter\Email\Email->send()
#6 C:\wamp64\www\university\system\CodeIgniter.php(925): App\Controllers\University->register()
#7 C:\wamp64\www\university\system\CodeIgniter.php(480): CodeIgniter\CodeIgniter->runController(Object(App\Controllers\University))
#8 C:\wamp64\www\university\system\CodeIgniter.php(349): CodeIgniter\CodeIgniter->handleRequest(NULL, Object(Config\Cache), false)
#9 C:\wamp64\www\university\public\index.php(67): CodeIgniter\CodeIgniter->run()
#10 {main}
ERROR - 2023-01-13 01:26:15 --> Email: Unable to send email using SMTP. Your server might not be configured to send mail using this method.
ERROR - 2023-01-13 01:26:15 --> 
CRITICAL - 2023-01-13 01:26:15 --> Undefined variable $validation
in APPPATH\Views\register.php on line 17.
 1 APPPATH\Views\register.php(17): CodeIgniter\Debug\Exceptions->errorHandler(2, 'Undefined variable $validation', 'APPPATH\\Views\\register.php', 17)
 2 SYSTEMPATH\View\View.php(213): include('APPPATH\\Views\\register.php')
 3 SYSTEMPATH\View\View.php(216): CodeIgniter\View\View->CodeIgniter\View\{closure}()
 4 SYSTEMPATH\Common.php(1135): CodeIgniter\View\View->render('register', [], true)
 5 APPPATH\Controllers\University.php(96): view('register', [...])
 6 SYSTEMPATH\CodeIgniter.php(925): App\Controllers\University->register()
 7 SYSTEMPATH\CodeIgniter.php(480): CodeIgniter\CodeIgniter->runController(Object(App\Controllers\University))
 8 SYSTEMPATH\CodeIgniter.php(349): CodeIgniter\CodeIgniter->handleRequest(null, Object(Config\Cache), false)
 9 FCPATH\index.php(67): CodeIgniter\CodeIgniter->run()
ERROR - 2023-01-13 01:31:43 --> Email: sendWithSmtp throwed ErrorException: fsockopen(): php_network_getaddresses: getaddrinfo for smtp.gmail.com failed: No such host is known.  in C:\wamp64\www\university\system\Email\Email.php:1864
Stack trace:
#0 [internal function]: CodeIgniter\Debug\Exceptions->errorHandler(2, 'fsockopen(): ph...', 'C:\\wamp64\\www\\u...', 1864)
#1 C:\wamp64\www\university\system\Email\Email.php(1864): fsockopen('tls://smtp.gmai...', 465, NULL, NULL, 60)
#2 C:\wamp64\www\university\system\Email\Email.php(1778): CodeIgniter\Email\Email->SMTPConnect()
#3 C:\wamp64\www\university\system\Email\Email.php(1663): CodeIgniter\Email\Email->sendWithSmtp()
#4 C:\wamp64\www\university\system\Email\Email.php(1561): CodeIgniter\Email\Email->spoolEmail()
#5 C:\wamp64\www\university\app\Controllers\University.php(87): CodeIgniter\Email\Email->send()
#6 C:\wamp64\www\university\system\CodeIgniter.php(925): App\Controllers\University->register()
#7 C:\wamp64\www\university\system\CodeIgniter.php(480): CodeIgniter\CodeIgniter->runController(Object(App\Controllers\University))
#8 C:\wamp64\www\university\system\CodeIgniter.php(349): CodeIgniter\CodeIgniter->handleRequest(NULL, Object(Config\Cache), false)
#9 C:\wamp64\www\university\public\index.php(67): CodeIgniter\CodeIgniter->run()
#10 {main}
ERROR - 2023-01-13 01:31:43 --> Email: Unable to send email using SMTP. Your server might not be configured to send mail using this method.
ERROR - 2023-01-13 01:31:43 --> 
ERROR - 2023-01-13 01:33:24 --> Email: sendWithSmtp throwed ErrorException: fsockopen(): php_network_getaddresses: getaddrinfo for smtp.gmail.com failed: No such host is known.  in C:\wamp64\www\university\system\Email\Email.php:1864
Stack trace:
#0 [internal function]: CodeIgniter\Debug\Exceptions->errorHandler(2, 'fsockopen(): ph...', 'C:\\wamp64\\www\\u...', 1864)
#1 C:\wamp64\www\university\system\Email\Email.php(1864): fsockopen('tls://smtp.gmai...', 465, NULL, NULL, 60)
#2 C:\wamp64\www\university\system\Email\Email.php(1778): CodeIgniter\Email\Email->SMTPConnect()
#3 C:\wamp64\www\university\system\Email\Email.php(1663): CodeIgniter\Email\Email->sendWithSmtp()
#4 C:\wamp64\www\university\system\Email\Email.php(1561): CodeIgniter\Email\Email->spoolEmail()
#5 C:\wamp64\www\university\app\Controllers\University.php(87): CodeIgniter\Email\Email->send()
#6 C:\wamp64\www\university\system\CodeIgniter.php(925): App\Controllers\University->register()
#7 C:\wamp64\www\university\system\CodeIgniter.php(480): CodeIgniter\CodeIgniter->runController(Object(App\Controllers\University))
#8 C:\wamp64\www\university\system\CodeIgniter.php(349): CodeIgniter\CodeIgniter->handleRequest(NULL, Object(Config\Cache), false)
#9 C:\wamp64\www\university\public\index.php(67): CodeIgniter\CodeIgniter->run()
#10 {main}
ERROR - 2023-01-13 01:33:24 --> Email: Unable to send email using SMTP. Your server might not be configured to send mail using this method.
ERROR - 2023-01-13 01:33:24 --> 
ERROR - 2023-01-13 01:34:46 --> Email: sendWithSmtp throwed ErrorException: fsockopen(): php_network_getaddresses: getaddrinfo for smtp.gmail.com failed: No such host is known.  in C:\wamp64\www\university\system\Email\Email.php:1864
Stack trace:
#0 [internal function]: CodeIgniter\Debug\Exceptions->errorHandler(2, 'fsockopen(): ph...', 'C:\\wamp64\\www\\u...', 1864)
#1 C:\wamp64\www\university\system\Email\Email.php(1864): fsockopen('tls://smtp.gmai...', 465, NULL, NULL, 60)
#2 C:\wamp64\www\university\system\Email\Email.php(1778): CodeIgniter\Email\Email->SMTPConnect()
#3 C:\wamp64\www\university\system\Email\Email.php(1663): CodeIgniter\Email\Email->sendWithSmtp()
#4 C:\wamp64\www\university\system\Email\Email.php(1561): CodeIgniter\Email\Email->spoolEmail()
#5 C:\wamp64\www\university\app\Controllers\University.php(87): CodeIgniter\Email\Email->send()
#6 C:\wamp64\www\university\system\CodeIgniter.php(925): App\Controllers\University->register()
#7 C:\wamp64\www\university\system\CodeIgniter.php(480): CodeIgniter\CodeIgniter->runController(Object(App\Controllers\University))
#8 C:\wamp64\www\university\system\CodeIgniter.php(349): CodeIgniter\CodeIgniter->handleRequest(NULL, Object(Config\Cache), false)
#9 C:\wamp64\www\university\public\index.php(67): CodeIgniter\CodeIgniter->run()
#10 {main}
ERROR - 2023-01-13 01:34:46 --> Email: Unable to send email using SMTP. Your server might not be configured to send mail using this method.
ERROR - 2023-01-13 01:34:46 --> 
ERROR - 2023-01-13 01:35:21 --> Email: sendWithSmtp throwed ErrorException: fsockopen(): php_network_getaddresses: getaddrinfo for smtp.gmail.com failed: No such host is known.  in C:\wamp64\www\university\system\Email\Email.php:1864
Stack trace:
#0 [internal function]: CodeIgniter\Debug\Exceptions->errorHandler(2, 'fsockopen(): ph...', 'C:\\wamp64\\www\\u...', 1864)
#1 C:\wamp64\www\university\system\Email\Email.php(1864): fsockopen('tls://smtp.gmai...', 465, NULL, NULL, 60)
#2 C:\wamp64\www\university\system\Email\Email.php(1778): CodeIgniter\Email\Email->SMTPConnect()
#3 C:\wamp64\www\university\system\Email\Email.php(1663): CodeIgniter\Email\Email->sendWithSmtp()
#4 C:\wamp64\www\university\system\Email\Email.php(1561): CodeIgniter\Email\Email->spoolEmail()
#5 C:\wamp64\www\university\app\Controllers\University.php(87): CodeIgniter\Email\Email->send()
#6 C:\wamp64\www\university\system\CodeIgniter.php(925): App\Controllers\University->register()
#7 C:\wamp64\www\university\system\CodeIgniter.php(480): CodeIgniter\CodeIgniter->runController(Object(App\Controllers\University))
#8 C:\wamp64\www\university\system\CodeIgniter.php(349): CodeIgniter\CodeIgniter->handleRequest(NULL, Object(Config\Cache), false)
#9 C:\wamp64\www\university\public\index.php(67): CodeIgniter\CodeIgniter->run()
#10 {main}
ERROR - 2023-01-13 01:35:21 --> Email: Unable to send email using SMTP. Your server might not be configured to send mail using this method.
ERROR - 2023-01-13 01:35:21 --> 
ERROR - 2023-01-13 01:37:15 --> Email: sendWithSmtp throwed ErrorException: fsockopen(): php_network_getaddresses: getaddrinfo for smtp.gmail.com failed: No such host is known.  in C:\wamp64\www\university\system\Email\Email.php:1864
Stack trace:
#0 [internal function]: CodeIgniter\Debug\Exceptions->errorHandler(2, 'fsockopen(): ph...', 'C:\\wamp64\\www\\u...', 1864)
#1 C:\wamp64\www\university\system\Email\Email.php(1864): fsockopen('tls://smtp.gmai...', 465, NULL, NULL, 60)
#2 C:\wamp64\www\university\system\Email\Email.php(1778): CodeIgniter\Email\Email->SMTPConnect()
#3 C:\wamp64\www\university\system\Email\Email.php(1663): CodeIgniter\Email\Email->sendWithSmtp()
#4 C:\wamp64\www\university\system\Email\Email.php(1561): CodeIgniter\Email\Email->spoolEmail()
#5 C:\wamp64\www\university\app\Controllers\University.php(87): CodeIgniter\Email\Email->send()
#6 C:\wamp64\www\university\system\CodeIgniter.php(925): App\Controllers\University->register()
#7 C:\wamp64\www\university\system\CodeIgniter.php(480): CodeIgniter\CodeIgniter->runController(Object(App\Controllers\University))
#8 C:\wamp64\www\university\system\CodeIgniter.php(349): CodeIgniter\CodeIgniter->handleRequest(NULL, Object(Config\Cache), false)
#9 C:\wamp64\www\university\public\index.php(67): CodeIgniter\CodeIgniter->run()
#10 {main}
ERROR - 2023-01-13 01:37:15 --> Email: Unable to send email using SMTP. Your server might not be configured to send mail using this method.
ERROR - 2023-01-13 01:37:15 --> 
ERROR - 2023-01-13 01:40:14 --> Email: sendWithSmtp throwed ErrorException: fsockopen(): php_network_getaddresses: getaddrinfo for smtp.gmail.com failed: No such host is known.  in C:\wamp64\www\university\system\Email\Email.php:1864
Stack trace:
#0 [internal function]: CodeIgniter\Debug\Exceptions->errorHandler(2, 'fsockopen(): ph...', 'C:\\wamp64\\www\\u...', 1864)
#1 C:\wamp64\www\university\system\Email\Email.php(1864): fsockopen('tls://smtp.gmai...', 465, NULL, NULL, 60)
#2 C:\wamp64\www\university\system\Email\Email.php(1778): CodeIgniter\Email\Email->SMTPConnect()
#3 C:\wamp64\www\university\system\Email\Email.php(1663): CodeIgniter\Email\Email->sendWithSmtp()
#4 C:\wamp64\www\university\system\Email\Email.php(1561): CodeIgniter\Email\Email->spoolEmail()
#5 C:\wamp64\www\university\app\Controllers\University.php(87): CodeIgniter\Email\Email->send()
#6 C:\wamp64\www\university\system\CodeIgniter.php(925): App\Controllers\University->register()
#7 C:\wamp64\www\university\system\CodeIgniter.php(480): CodeIgniter\CodeIgniter->runController(Object(App\Controllers\University))
#8 C:\wamp64\www\university\system\CodeIgniter.php(349): CodeIgniter\CodeIgniter->handleRequest(NULL, Object(Config\Cache), false)
#9 C:\wamp64\www\university\public\index.php(67): CodeIgniter\CodeIgniter->run()
#10 {main}
ERROR - 2023-01-13 01:40:14 --> Email: Unable to send email using SMTP. Your server might not be configured to send mail using this method.
ERROR - 2023-01-13 01:40:14 --> 
ERROR - 2023-01-13 01:52:16 --> Email: sendWithSmtp throwed ErrorException: fsockopen(): php_network_getaddresses: getaddrinfo for smtp.gmail.com failed: No such host is known.  in C:\wamp64\www\university\system\Email\Email.php:1864
Stack trace:
#0 [internal function]: CodeIgniter\Debug\Exceptions->errorHandler(2, 'fsockopen(): ph...', 'C:\\wamp64\\www\\u...', 1864)
#1 C:\wamp64\www\university\system\Email\Email.php(1864): fsockopen('tls://smtp.gmai...', 465, NULL, NULL, 60)
#2 C:\wamp64\www\university\system\Email\Email.php(1778): CodeIgniter\Email\Email->SMTPConnect()
#3 C:\wamp64\www\university\system\Email\Email.php(1663): CodeIgniter\Email\Email->sendWithSmtp()
#4 C:\wamp64\www\university\system\Email\Email.php(1561): CodeIgniter\Email\Email->spoolEmail()
#5 C:\wamp64\www\university\app\Controllers\University.php(87): CodeIgniter\Email\Email->send()
#6 C:\wamp64\www\university\system\CodeIgniter.php(925): App\Controllers\University->register()
#7 C:\wamp64\www\university\system\CodeIgniter.php(480): CodeIgniter\CodeIgniter->runController(Object(App\Controllers\University))
#8 C:\wamp64\www\university\system\CodeIgniter.php(349): CodeIgniter\CodeIgniter->handleRequest(NULL, Object(Config\Cache), false)
#9 C:\wamp64\www\university\public\index.php(67): CodeIgniter\CodeIgniter->run()
#10 {main}
ERROR - 2023-01-13 01:52:16 --> Email: Unable to send email using SMTP. Your server might not be configured to send mail using this method.
ERROR - 2023-01-13 01:52:16 --> 
ERROR - 2023-01-13 01:56:07 --> Email: sendWithSmtp throwed ErrorException: fsockopen(): php_network_getaddresses: getaddrinfo for smtp.gmail.com failed: No such host is known.  in C:\wamp64\www\university\system\Email\Email.php:1864
Stack trace:
#0 [internal function]: CodeIgniter\Debug\Exceptions->errorHandler(2, 'fsockopen(): ph...', 'C:\\wamp64\\www\\u...', 1864)
#1 C:\wamp64\www\university\system\Email\Email.php(1864): fsockopen('tls://smtp.gmai...', 465, NULL, NULL, 60)
#2 C:\wamp64\www\university\system\Email\Email.php(1778): CodeIgniter\Email\Email->SMTPConnect()
#3 C:\wamp64\www\university\system\Email\Email.php(1663): CodeIgniter\Email\Email->sendWithSmtp()
#4 C:\wamp64\www\university\system\Email\Email.php(1561): CodeIgniter\Email\Email->spoolEmail()
#5 C:\wamp64\www\university\app\Controllers\University.php(87): CodeIgniter\Email\Email->send()
#6 C:\wamp64\www\university\system\CodeIgniter.php(925): App\Controllers\University->register()
#7 C:\wamp64\www\university\system\CodeIgniter.php(480): CodeIgniter\CodeIgniter->runController(Object(App\Controllers\University))
#8 C:\wamp64\www\university\system\CodeIgniter.php(349): CodeIgniter\CodeIgniter->handleRequest(NULL, Object(Config\Cache), false)
#9 C:\wamp64\www\university\public\index.php(67): CodeIgniter\CodeIgniter->run()
#10 {main}
ERROR - 2023-01-13 01:56:07 --> Email: Unable to send email using SMTP. Your server might not be configured to send mail using this method.
ERROR - 2023-01-13 01:56:07 --> 
CRITICAL - 2023-01-13 03:10:07 --> Invalid file: account_activation.php
in SYSTEMPATH\Exceptions\FrameworkException.php on line 33.
 1 SYSTEMPATH\View\View.php(201): CodeIgniter\Exceptions\FrameworkException::forInvalidFile('account_activation.php')
 2 SYSTEMPATH\Common.php(1135): CodeIgniter\View\View->render('account_activation.php', [], true)
 3 APPPATH\Controllers\University.php(107): view('account_activation.php')
 4 SYSTEMPATH\CodeIgniter.php(925): App\Controllers\University->activate('bfca8d1a4ad3a88af0a401b2ff691427')
 5 SYSTEMPATH\CodeIgniter.php(480): CodeIgniter\CodeIgniter->runController(Object(App\Controllers\University))
 6 SYSTEMPATH\CodeIgniter.php(349): CodeIgniter\CodeIgniter->handleRequest(null, Object(Config\Cache), false)
 7 FCPATH\index.php(67): CodeIgniter\CodeIgniter->run()
ERROR - 2023-01-13 03:30:23 --> Email: Unable to send email using SMTP. Your server might not be configured to send mail using this method.
ERROR - 2023-01-13 03:30:23 --> 220 smtp.gmail.com ESMTP bi12-20020a170906a24c00b00868ef175e6asm1018174ejb.74 - gsmtp

hello: 250-smtp.gmail.com at your service, [41.210.141.89]
250-SIZE 35882577
250-8BITMIME
250-AUTH LOGIN PLAIN XOAUTH2 PLAIN-CLIENTTOKEN OAUTHBEARER XOAUTH
250-ENHANCEDSTATUSCODES
250-PIPELINING
250-CHUNKING
250 SMTPUTF8

Failed to authenticate password. Error: 535-5.7.8 Username and Password not accepted. Learn more at
535 5.7.8  https://support.google.com/mail/?p=BadCredentials bi12-20020a170906a24c00b00868ef175e6asm1018174ejb.74 - gsmtp

ERROR - 2023-01-13 04:28:38 --> Email: sendWithSmtp throwed ErrorException: fsockopen(): php_network_getaddresses: getaddrinfo for smtp.gmail.com failed: No such host is known.  in C:\wamp64\www\university\system\Email\Email.php:1864
Stack trace:
#0 [internal function]: CodeIgniter\Debug\Exceptions->errorHandler(2, 'fsockopen(): ph...', 'C:\\wamp64\\www\\u...', 1864)
#1 C:\wamp64\www\university\system\Email\Email.php(1864): fsockopen('tls://smtp.gmai...', 465, NULL, NULL, 60)
#2 C:\wamp64\www\university\system\Email\Email.php(1778): CodeIgniter\Email\Email->SMTPConnect()
#3 C:\wamp64\www\university\system\Email\Email.php(1663): CodeIgniter\Email\Email->sendWithSmtp()
#4 C:\wamp64\www\university\system\Email\Email.php(1561): CodeIgniter\Email\Email->spoolEmail()
#5 C:\wamp64\www\university\app\Controllers\University.php(87): CodeIgniter\Email\Email->send()
#6 C:\wamp64\www\university\system\CodeIgniter.php(925): App\Controllers\University->register()
#7 C:\wamp64\www\university\system\CodeIgniter.php(480): CodeIgniter\CodeIgniter->runController(Object(App\Controllers\University))
#8 C:\wamp64\www\university\system\CodeIgniter.php(349): CodeIgniter\CodeIgniter->handleRequest(NULL, Object(Config\Cache), false)
#9 C:\wamp64\www\university\public\index.php(67): CodeIgniter\CodeIgniter->run()
#10 {main}
ERROR - 2023-01-13 04:28:38 --> Email: Unable to send email using SMTP. Your server might not be configured to send mail using this method.
ERROR - 2023-01-13 04:28:38 --> 
ERROR - 2023-01-13 04:37:25 --> Email: sendWithSmtp throwed ErrorException: fsockopen(): php_network_getaddresses: getaddrinfo for smtp.gmail.com failed: No such host is known.  in C:\wamp64\www\university\system\Email\Email.php:1864
Stack trace:
#0 [internal function]: CodeIgniter\Debug\Exceptions->errorHandler(2, 'fsockopen(): ph...', 'C:\\wamp64\\www\\u...', 1864)
#1 C:\wamp64\www\university\system\Email\Email.php(1864): fsockopen('tls://smtp.gmai...', 465, NULL, NULL, 60)
#2 C:\wamp64\www\university\system\Email\Email.php(1778): CodeIgniter\Email\Email->SMTPConnect()
#3 C:\wamp64\www\university\system\Email\Email.php(1663): CodeIgniter\Email\Email->sendWithSmtp()
#4 C:\wamp64\www\university\system\Email\Email.php(1561): CodeIgniter\Email\Email->spoolEmail()
#5 C:\wamp64\www\university\app\Controllers\University.php(87): CodeIgniter\Email\Email->send()
#6 C:\wamp64\www\university\system\CodeIgniter.php(925): App\Controllers\University->register()
#7 C:\wamp64\www\university\system\CodeIgniter.php(480): CodeIgniter\CodeIgniter->runController(Object(App\Controllers\University))
#8 C:\wamp64\www\university\system\CodeIgniter.php(349): CodeIgniter\CodeIgniter->handleRequest(NULL, Object(Config\Cache), false)
#9 C:\wamp64\www\university\public\index.php(67): CodeIgniter\CodeIgniter->run()
#10 {main}
ERROR - 2023-01-13 04:37:25 --> Email: Unable to send email using SMTP. Your server might not be configured to send mail using this method.
ERROR - 2023-01-13 04:37:25 --> 
CRITICAL - 2023-01-13 05:01:51 --> view(): Argument #2 ($data) must be of type array, stdClass given, called in C:\wamp64\www\university\app\Controllers\University.php on line 114
in SYSTEMPATH\Common.php on line 1121.
 1 APPPATH\Controllers\University.php(114): view('account_activation.php', Object(stdClass))
 2 SYSTEMPATH\CodeIgniter.php(925): App\Controllers\University->activate('cff9c509c6295ddf73c664c26f5ab352')
 3 SYSTEMPATH\CodeIgniter.php(480): CodeIgniter\CodeIgniter->runController(Object(App\Controllers\University))
 4 SYSTEMPATH\CodeIgniter.php(349): CodeIgniter\CodeIgniter->handleRequest(null, Object(Config\Cache), false)
 5 FCPATH\index.php(67): CodeIgniter\CodeIgniter->run()
CRITICAL - 2023-01-13 05:22:25 --> Call to undefined function App\Controllers\now()
in APPPATH\Controllers\University.php on line 127.
 1 APPPATH\Controllers\University.php(113): App\Controllers\University->verifyExpiration('2023-01-13 04:37:25')
 2 SYSTEMPATH\CodeIgniter.php(925): App\Controllers\University->activate('cff9c509c6295ddf73c664c26f5ab352')
 3 SYSTEMPATH\CodeIgniter.php(480): CodeIgniter\CodeIgniter->runController(Object(App\Controllers\University))
 4 SYSTEMPATH\CodeIgniter.php(349): CodeIgniter\CodeIgniter->handleRequest(null, Object(Config\Cache), false)
 5 FCPATH\index.php(67): CodeIgniter\CodeIgniter->run()
ERROR - 2023-01-13 05:29:03 --> Email: sendWithSmtp throwed ErrorException: fsockopen(): php_network_getaddresses: getaddrinfo for smtp.gmail.com failed: No such host is known.  in C:\wamp64\www\university\system\Email\Email.php:1864
Stack trace:
#0 [internal function]: CodeIgniter\Debug\Exceptions->errorHandler(2, 'fsockopen(): ph...', 'C:\\wamp64\\www\\u...', 1864)
#1 C:\wamp64\www\university\system\Email\Email.php(1864): fsockopen('tls://smtp.gmai...', 465, NULL, NULL, 60)
#2 C:\wamp64\www\university\system\Email\Email.php(1778): CodeIgniter\Email\Email->SMTPConnect()
#3 C:\wamp64\www\university\system\Email\Email.php(1663): CodeIgniter\Email\Email->sendWithSmtp()
#4 C:\wamp64\www\university\system\Email\Email.php(1561): CodeIgniter\Email\Email->spoolEmail()
#5 C:\wamp64\www\university\app\Controllers\University.php(87): CodeIgniter\Email\Email->send()
#6 C:\wamp64\www\university\system\CodeIgniter.php(925): App\Controllers\University->register()
#7 C:\wamp64\www\university\system\CodeIgniter.php(480): CodeIgniter\CodeIgniter->runController(Object(App\Controllers\University))
#8 C:\wamp64\www\university\system\CodeIgniter.php(349): CodeIgniter\CodeIgniter->handleRequest(NULL, Object(Config\Cache), false)
#9 C:\wamp64\www\university\public\index.php(67): CodeIgniter\CodeIgniter->run()
#10 {main}
ERROR - 2023-01-13 05:29:03 --> Email: Unable to send email using SMTP. Your server might not be configured to send mail using this method.
ERROR - 2023-01-13 05:29:03 --> 
CRITICAL - 2023-01-13 05:41:17 --> syntax error, unexpected token "}", expecting "," or ";"
in APPPATH\Controllers\University.php on line 114.
 1 SYSTEMPATH\Autoloader\Autoloader.php(260): CodeIgniter\Autoloader\Autoloader->includeFile('APPPATH\\Controllers\\University.php')
 2 SYSTEMPATH\Autoloader\Autoloader.php(238): CodeIgniter\Autoloader\Autoloader->loadInNamespace('App\\Controllers\\University')
 3 [internal function]: CodeIgniter\Autoloader\Autoloader->loadClass('App\\Controllers\\University')
 4 SYSTEMPATH\CodeIgniter.php(875): class_exists('\\App\\Controllers\\University', true)
 5 SYSTEMPATH\CodeIgniter.php(467): CodeIgniter\CodeIgniter->startController()
 6 SYSTEMPATH\CodeIgniter.php(349): CodeIgniter\CodeIgniter->handleRequest(null, Object(Config\Cache), false)
 7 FCPATH\index.php(67): CodeIgniter\CodeIgniter->run()
CRITICAL - 2023-01-13 06:09:29 --> You must set the database table to be used with your query.
in SYSTEMPATH\Database\BaseConnection.php on line 845.
 1 SYSTEMPATH\Model.php(611): CodeIgniter\Database\BaseConnection->table(null)
 2 SYSTEMPATH\Model.php(797): CodeIgniter\Model->builder()
 3 APPPATH\Models\RegisterModel.php(40): CodeIgniter\Model->__call('where', [...])
 4 APPPATH\Controllers\University.php(113): App\Models\RegisterModel->updateStatus('4811f91b9e306e6c193620e8c036b36a')
 5 SYSTEMPATH\CodeIgniter.php(925): App\Controllers\University->activate('4811f91b9e306e6c193620e8c036b36a')
 6 SYSTEMPATH\CodeIgniter.php(480): CodeIgniter\CodeIgniter->runController(Object(App\Controllers\University))
 7 SYSTEMPATH\CodeIgniter.php(349): CodeIgniter\CodeIgniter->handleRequest(null, Object(Config\Cache), false)
 8 FCPATH\index.php(67): CodeIgniter\CodeIgniter->run()
CRITICAL - 2023-01-13 06:11:37 --> Call to a member function affectedRows() on null
in APPPATH\Models\RegisterModel.php on line 43.
 1 APPPATH\Controllers\University.php(113): App\Models\RegisterModel->updateStatus('4811f91b9e306e6c193620e8c036b36a')
 2 SYSTEMPATH\CodeIgniter.php(925): App\Controllers\University->activate('4811f91b9e306e6c193620e8c036b36a')
 3 SYSTEMPATH\CodeIgniter.php(480): CodeIgniter\CodeIgniter->runController(Object(App\Controllers\University))
 4 SYSTEMPATH\CodeIgniter.php(349): CodeIgniter\CodeIgniter->handleRequest(null, Object(Config\Cache), false)
 5 FCPATH\index.php(67): CodeIgniter\CodeIgniter->run()
CRITICAL - 2023-01-13 12:02:23 --> Undefined variable $validation
in APPPATH\Views\login.php on line 17.
 1 APPPATH\Views\login.php(17): CodeIgniter\Debug\Exceptions->errorHandler(2, 'Undefined variable $validation', 'APPPATH\\Views\\login.php', 17)
 2 SYSTEMPATH\View\View.php(213): include('APPPATH\\Views\\login.php')
 3 SYSTEMPATH\View\View.php(216): CodeIgniter\View\View->CodeIgniter\View\{closure}()
 4 SYSTEMPATH\Common.php(1135): CodeIgniter\View\View->render('login.php', [], true)
 5 APPPATH\Controllers\University.php(147): view('login.php')
 6 SYSTEMPATH\CodeIgniter.php(925): App\Controllers\University->login()
 7 SYSTEMPATH\CodeIgniter.php(480): CodeIgniter\CodeIgniter->runController(Object(App\Controllers\University))
 8 SYSTEMPATH\CodeIgniter.php(349): CodeIgniter\CodeIgniter->handleRequest(null, Object(Config\Cache), false)
 9 FCPATH\index.php(67): CodeIgniter\CodeIgniter->run()
CRITICAL - 2023-01-13 15:01:28 --> Undefined array key "userPassword"
in APPPATH\Controllers\University.php on line 180.
 1 APPPATH\Controllers\University.php(180): CodeIgniter\Debug\Exceptions->errorHandler(2, 'Undefined array key "userPassword"', 'APPPATH\\Controllers\\University.php', 180)
 2 SYSTEMPATH\CodeIgniter.php(925): App\Controllers\University->login()
 3 SYSTEMPATH\CodeIgniter.php(480): CodeIgniter\CodeIgniter->runController(Object(App\Controllers\University))
 4 SYSTEMPATH\CodeIgniter.php(349): CodeIgniter\CodeIgniter->handleRequest(null, Object(Config\Cache), false)
 5 FCPATH\index.php(67): CodeIgniter\CodeIgniter->run()
CRITICAL - 2023-01-13 15:03:51 --> Undefined array key "status"
in APPPATH\Controllers\University.php on line 181.
 1 APPPATH\Controllers\University.php(181): CodeIgniter\Debug\Exceptions->errorHandler(2, 'Undefined array key "status"', 'APPPATH\\Controllers\\University.php', 181)
 2 SYSTEMPATH\CodeIgniter.php(925): App\Controllers\University->login()
 3 SYSTEMPATH\CodeIgniter.php(480): CodeIgniter\CodeIgniter->runController(Object(App\Controllers\University))
 4 SYSTEMPATH\CodeIgniter.php(349): CodeIgniter\CodeIgniter->handleRequest(null, Object(Config\Cache), false)
 5 FCPATH\index.php(67): CodeIgniter\CodeIgniter->run()
CRITICAL - 2023-01-13 15:08:48 --> Array callback must have exactly two elements
in APPPATH\Controllers\University.php on line 181.
 1 SYSTEMPATH\CodeIgniter.php(925): App\Controllers\University->login()
 2 SYSTEMPATH\CodeIgniter.php(480): CodeIgniter\CodeIgniter->runController(Object(App\Controllers\University))
 3 SYSTEMPATH\CodeIgniter.php(349): CodeIgniter\CodeIgniter->handleRequest(null, Object(Config\Cache), false)
 4 FCPATH\index.php(67): CodeIgniter\CodeIgniter->run()
CRITICAL - 2023-01-13 15:10:13 --> Undefined array key "status"
in APPPATH\Controllers\University.php on line 181.
 1 APPPATH\Controllers\University.php(181): CodeIgniter\Debug\Exceptions->errorHandler(2, 'Undefined array key "status"', 'APPPATH\\Controllers\\University.php', 181)
 2 SYSTEMPATH\CodeIgniter.php(925): App\Controllers\University->login()
 3 SYSTEMPATH\CodeIgniter.php(480): CodeIgniter\CodeIgniter->runController(Object(App\Controllers\University))
 4 SYSTEMPATH\CodeIgniter.php(349): CodeIgniter\CodeIgniter->handleRequest(null, Object(Config\Cache), false)
 5 FCPATH\index.php(67): CodeIgniter\CodeIgniter->run()
CRITICAL - 2023-01-13 15:11:16 --> Cannot use object of type stdClass as array
in APPPATH\Controllers\University.php on line 181.
 1 SYSTEMPATH\CodeIgniter.php(925): App\Controllers\University->login()
 2 SYSTEMPATH\CodeIgniter.php(480): CodeIgniter\CodeIgniter->runController(Object(App\Controllers\University))
 3 SYSTEMPATH\CodeIgniter.php(349): CodeIgniter\CodeIgniter->handleRequest(null, Object(Config\Cache), false)
 4 FCPATH\index.php(67): CodeIgniter\CodeIgniter->run()
CRITICAL - 2023-01-13 15:16:46 --> Array to string conversion
in APPPATH\Controllers\University.php on line 181.
 1 APPPATH\Controllers\University.php(181): CodeIgniter\Debug\Exceptions->errorHandler(2, 'Array to string conversion', 'APPPATH\\Controllers\\University.php', 181)
 2 SYSTEMPATH\CodeIgniter.php(925): App\Controllers\University->login()
 3 SYSTEMPATH\CodeIgniter.php(480): CodeIgniter\CodeIgniter->runController(Object(App\Controllers\University))
 4 SYSTEMPATH\CodeIgniter.php(349): CodeIgniter\CodeIgniter->handleRequest(null, Object(Config\Cache), false)
 5 FCPATH\index.php(67): CodeIgniter\CodeIgniter->run()
CRITICAL - 2023-01-13 15:17:30 --> Array to string conversion
in APPPATH\Controllers\University.php on line 181.
 1 APPPATH\Controllers\University.php(181): CodeIgniter\Debug\Exceptions->errorHandler(2, 'Array to string conversion', 'APPPATH\\Controllers\\University.php', 181)
 2 SYSTEMPATH\CodeIgniter.php(925): App\Controllers\University->login()
 3 SYSTEMPATH\CodeIgniter.php(480): CodeIgniter\CodeIgniter->runController(Object(App\Controllers\University))
 4 SYSTEMPATH\CodeIgniter.php(349): CodeIgniter\CodeIgniter->handleRequest(null, Object(Config\Cache), false)
 5 FCPATH\index.php(67): CodeIgniter\CodeIgniter->run()
CRITICAL - 2023-01-13 15:18:23 --> Undefined array key "status"
in APPPATH\Controllers\University.php on line 181.
 1 APPPATH\Controllers\University.php(181): CodeIgniter\Debug\Exceptions->errorHandler(2, 'Undefined array key "status"', 'APPPATH\\Controllers\\University.php', 181)
 2 SYSTEMPATH\CodeIgniter.php(925): App\Controllers\University->login()
 3 SYSTEMPATH\CodeIgniter.php(480): CodeIgniter\CodeIgniter->runController(Object(App\Controllers\University))
 4 SYSTEMPATH\CodeIgniter.php(349): CodeIgniter\CodeIgniter->handleRequest(null, Object(Config\Cache), false)
 5 FCPATH\index.php(67): CodeIgniter\CodeIgniter->run()
CRITICAL - 2023-01-13 15:19:04 --> Undefined array key "status"
in APPPATH\Controllers\University.php on line 181.
 1 APPPATH\Controllers\University.php(181): CodeIgniter\Debug\Exceptions->errorHandler(2, 'Undefined array key "status"', 'APPPATH\\Controllers\\University.php', 181)
 2 SYSTEMPATH\CodeIgniter.php(925): App\Controllers\University->login()
 3 SYSTEMPATH\CodeIgniter.php(480): CodeIgniter\CodeIgniter->runController(Object(App\Controllers\University))
 4 SYSTEMPATH\CodeIgniter.php(349): CodeIgniter\CodeIgniter->handleRequest(null, Object(Config\Cache), false)
 5 FCPATH\index.php(67): CodeIgniter\CodeIgniter->run()
CRITICAL - 2023-01-13 15:20:10 --> Undefined array key "status"
in APPPATH\Controllers\University.php on line 181.
 1 APPPATH\Controllers\University.php(181): CodeIgniter\Debug\Exceptions->errorHandler(2, 'Undefined array key "status"', 'APPPATH\\Controllers\\University.php', 181)
 2 SYSTEMPATH\CodeIgniter.php(925): App\Controllers\University->login()
 3 SYSTEMPATH\CodeIgniter.php(480): CodeIgniter\CodeIgniter->runController(Object(App\Controllers\University))
 4 SYSTEMPATH\CodeIgniter.php(349): CodeIgniter\CodeIgniter->handleRequest(null, Object(Config\Cache), false)
 5 FCPATH\index.php(67): CodeIgniter\CodeIgniter->run()
